{"/home/utter/plugg/webutveckling/ks3/tajm/src/api/fetchProjectsData.js": {"path":"/home/utter/plugg/webutveckling/ks3/tajm/src/api/fetchProjectsData.js","all":false,"statementMap":{"0":{"start":{"line":1,"column":0},"end":{"line":1,"column":0}}},"s":{"0":1},"branchMap":{},"b":{},"fnMap":{},"f":{}}
,"/home/utter/plugg/webutveckling/ks3/tajm/src/api/fetchTasksData.js": {"path":"/home/utter/plugg/webutveckling/ks3/tajm/src/api/fetchTasksData.js","all":false,"statementMap":{"0":{"start":{"line":1,"column":0},"end":{"line":1,"column":0}}},"s":{"0":1},"branchMap":{},"b":{},"fnMap":{},"f":{}}
,"/home/utter/plugg/webutveckling/ks3/tajm/src/api/fetchTimerData.js": {"path":"/home/utter/plugg/webutveckling/ks3/tajm/src/api/fetchTimerData.js","all":false,"statementMap":{"0":{"start":{"line":1,"column":0},"end":{"line":1,"column":0}}},"s":{"0":1},"branchMap":{},"b":{},"fnMap":{},"f":{}}
,"/home/utter/plugg/webutveckling/ks3/tajm/src/api/fetchUserData.js": {"path":"/home/utter/plugg/webutveckling/ks3/tajm/src/api/fetchUserData.js","all":false,"statementMap":{"0":{"start":{"line":1,"column":0},"end":{"line":1,"column":0}}},"s":{"0":1},"branchMap":{},"b":{},"fnMap":{},"f":{}}
,"/home/utter/plugg/webutveckling/ks3/tajm/src/api/updateProjectsData.js": {"path":"/home/utter/plugg/webutveckling/ks3/tajm/src/api/updateProjectsData.js","all":false,"statementMap":{"0":{"start":{"line":1,"column":0},"end":{"line":1,"column":0}}},"s":{"0":1},"branchMap":{},"b":{},"fnMap":{},"f":{}}
,"/home/utter/plugg/webutveckling/ks3/tajm/src/api/updateTasksData.js": {"path":"/home/utter/plugg/webutveckling/ks3/tajm/src/api/updateTasksData.js","all":false,"statementMap":{"0":{"start":{"line":1,"column":0},"end":{"line":1,"column":0}}},"s":{"0":1},"branchMap":{},"b":{},"fnMap":{},"f":{}}
,"/home/utter/plugg/webutveckling/ks3/tajm/src/api/updateTimerData.js": {"path":"/home/utter/plugg/webutveckling/ks3/tajm/src/api/updateTimerData.js","all":false,"statementMap":{"0":{"start":{"line":1,"column":0},"end":{"line":1,"column":0}}},"s":{"0":1},"branchMap":{},"b":{},"fnMap":{},"f":{}}
,"/home/utter/plugg/webutveckling/ks3/tajm/src/components/ColorPicker.jsx": {"path":"/home/utter/plugg/webutveckling/ks3/tajm/src/components/ColorPicker.jsx","all":false,"statementMap":{"0":{"start":{"line":1,"column":0},"end":{"line":1,"column":32}},"1":{"start":{"line":2,"column":0},"end":{"line":2,"column":47}},"2":{"start":{"line":3,"column":0},"end":{"line":3,"column":0}},"3":{"start":{"line":4,"column":0},"end":{"line":4,"column":61}},"4":{"start":{"line":5,"column":0},"end":{"line":5,"column":60}},"5":{"start":{"line":6,"column":0},"end":{"line":6,"column":0}},"6":{"start":{"line":7,"column":0},"end":{"line":7,"column":10}},"7":{"start":{"line":8,"column":0},"end":{"line":8,"column":6}},"8":{"start":{"line":9,"column":0},"end":{"line":9,"column":10}},"9":{"start":{"line":10,"column":0},"end":{"line":10,"column":48}},"10":{"start":{"line":11,"column":0},"end":{"line":11,"column":35}},"11":{"start":{"line":12,"column":0},"end":{"line":12,"column":28}},"12":{"start":{"line":13,"column":0},"end":{"line":13,"column":7}},"13":{"start":{"line":14,"column":0},"end":{"line":14,"column":14}},"14":{"start":{"line":15,"column":0},"end":{"line":15,"column":12}},"15":{"start":{"line":16,"column":0},"end":{"line":16,"column":39}},"16":{"start":{"line":17,"column":0},"end":{"line":17,"column":38}},"17":{"start":{"line":18,"column":0},"end":{"line":18,"column":17}},"18":{"start":{"line":19,"column":0},"end":{"line":19,"column":29}},"19":{"start":{"line":20,"column":0},"end":{"line":20,"column":47}},"20":{"start":{"line":21,"column":0},"end":{"line":21,"column":55}},"21":{"start":{"line":22,"column":0},"end":{"line":22,"column":25}},"22":{"start":{"line":23,"column":0},"end":{"line":23,"column":42}},"23":{"start":{"line":24,"column":0},"end":{"line":24,"column":37}},"24":{"start":{"line":25,"column":0},"end":{"line":25,"column":36}},"25":{"start":{"line":26,"column":0},"end":{"line":26,"column":11}},"26":{"start":{"line":27,"column":0},"end":{"line":27,"column":18}},"27":{"start":{"line":28,"column":0},"end":{"line":28,"column":19}},"28":{"start":{"line":29,"column":0},"end":{"line":29,"column":11}},"29":{"start":{"line":30,"column":0},"end":{"line":30,"column":12}},"30":{"start":{"line":31,"column":0},"end":{"line":31,"column":11}},"31":{"start":{"line":32,"column":0},"end":{"line":32,"column":14}},"32":{"start":{"line":33,"column":0},"end":{"line":33,"column":37}},"33":{"start":{"line":34,"column":0},"end":{"line":34,"column":36}},"34":{"start":{"line":35,"column":0},"end":{"line":35,"column":21}},"35":{"start":{"line":36,"column":0},"end":{"line":36,"column":22}},"36":{"start":{"line":37,"column":0},"end":{"line":37,"column":29}},"37":{"start":{"line":38,"column":0},"end":{"line":38,"column":58}},"38":{"start":{"line":39,"column":0},"end":{"line":39,"column":38}},"39":{"start":{"line":40,"column":0},"end":{"line":40,"column":34}},"40":{"start":{"line":41,"column":0},"end":{"line":41,"column":10}},"41":{"start":{"line":42,"column":0},"end":{"line":42,"column":12}},"42":{"start":{"line":43,"column":0},"end":{"line":43,"column":7}},"43":{"start":{"line":44,"column":0},"end":{"line":44,"column":3}},"44":{"start":{"line":45,"column":0},"end":{"line":45,"column":1}}},"s":{"0":1,"1":1,"2":1,"3":1,"4":1,"5":1,"6":1,"7":1,"8":1,"9":1,"10":1,"11":1,"12":1,"13":1,"14":1,"15":1,"16":1,"17":1,"18":75,"19":75,"20":75,"21":2,"22":75,"23":75,"24":75,"25":75,"26":75,"27":75,"28":75,"29":1,"30":1,"31":1,"32":1,"33":1,"34":1,"35":1,"36":1,"37":1,"38":1,"39":1,"40":1,"41":1,"42":1,"43":1,"44":1},"branchMap":{"0":{"type":"branch","line":18,"loc":{"start":{"line":18,"column":10},"end":{"line":29,"column":11}},"locations":[{"start":{"line":18,"column":10},"end":{"line":29,"column":11}}]},"1":{"type":"branch","line":21,"loc":{"start":{"line":21,"column":42},"end":{"line":22,"column":25}},"locations":[{"start":{"line":21,"column":42},"end":{"line":22,"column":25}}]},"2":{"type":"branch","line":38,"loc":{"start":{"line":38,"column":42},"end":{"line":39,"column":28}},"locations":[{"start":{"line":38,"column":42},"end":{"line":39,"column":28}}]}},"b":{"0":[75],"1":[2],"2":[7]},"fnMap":{"0":{"name":"onClick","decl":{"start":{"line":21,"column":42},"end":{"line":22,"column":25}},"loc":{"start":{"line":21,"column":42},"end":{"line":22,"column":25}},"line":21},"1":{"name":"onChange","decl":{"start":{"line":38,"column":42},"end":{"line":39,"column":28}},"loc":{"start":{"line":38,"column":42},"end":{"line":39,"column":28}},"line":38}},"f":{"0":2,"1":7}}
,"/home/utter/plugg/webutveckling/ks3/tajm/src/components/HorizontalScroll.jsx": {"path":"/home/utter/plugg/webutveckling/ks3/tajm/src/components/HorizontalScroll.jsx","all":false,"statementMap":{"0":{"start":{"line":1,"column":0},"end":{"line":1,"column":38}},"1":{"start":{"line":2,"column":0},"end":{"line":2,"column":37}},"2":{"start":{"line":3,"column":0},"end":{"line":3,"column":42}},"3":{"start":{"line":4,"column":0},"end":{"line":4,"column":0}},"4":{"start":{"line":5,"column":0},"end":{"line":5,"column":49}},"5":{"start":{"line":6,"column":0},"end":{"line":6,"column":57}},"6":{"start":{"line":7,"column":0},"end":{"line":7,"column":0}},"7":{"start":{"line":8,"column":0},"end":{"line":8,"column":28}},"8":{"start":{"line":9,"column":0},"end":{"line":9,"column":101}},"9":{"start":{"line":10,"column":0},"end":{"line":10,"column":42}},"10":{"start":{"line":11,"column":0},"end":{"line":11,"column":3}},"11":{"start":{"line":12,"column":0},"end":{"line":12,"column":0}},"12":{"start":{"line":13,"column":0},"end":{"line":13,"column":10}},"13":{"start":{"line":14,"column":0},"end":{"line":14,"column":69}},"14":{"start":{"line":15,"column":0},"end":{"line":15,"column":53}},"15":{"start":{"line":16,"column":0},"end":{"line":16,"column":42}},"16":{"start":{"line":17,"column":0},"end":{"line":17,"column":21}},"17":{"start":{"line":18,"column":0},"end":{"line":18,"column":37}},"18":{"start":{"line":19,"column":0},"end":{"line":19,"column":37}},"19":{"start":{"line":20,"column":0},"end":{"line":20,"column":25}},"20":{"start":{"line":21,"column":0},"end":{"line":21,"column":31}},"21":{"start":{"line":22,"column":0},"end":{"line":22,"column":11}},"22":{"start":{"line":23,"column":0},"end":{"line":23,"column":19}},"23":{"start":{"line":24,"column":0},"end":{"line":24,"column":23}},"24":{"start":{"line":25,"column":0},"end":{"line":25,"column":13}},"25":{"start":{"line":26,"column":0},"end":{"line":26,"column":15}},"26":{"start":{"line":27,"column":0},"end":{"line":27,"column":9}},"27":{"start":{"line":28,"column":0},"end":{"line":28,"column":8}},"28":{"start":{"line":29,"column":0},"end":{"line":29,"column":10}},"29":{"start":{"line":30,"column":0},"end":{"line":30,"column":3}},"30":{"start":{"line":31,"column":0},"end":{"line":31,"column":1}}},"s":{"0":1,"1":1,"2":1,"3":1,"4":1,"5":1,"6":1,"7":1,"8":0,"9":0,"10":0,"11":0,"12":0,"13":1,"14":1,"15":1,"16":229,"17":87,"18":87,"19":87,"20":87,"21":87,"22":87,"23":87,"24":87,"25":87,"26":87,"27":87,"28":1,"29":1,"30":1},"branchMap":{"0":{"type":"branch","line":16,"loc":{"start":{"line":16,"column":8},"end":{"line":28,"column":8}},"locations":[{"start":{"line":16,"column":8},"end":{"line":28,"column":8}}]},"1":{"type":"branch","line":17,"loc":{"start":{"line":17,"column":10},"end":{"line":28,"column":8}},"locations":[{"start":{"line":17,"column":10},"end":{"line":28,"column":8}}]},"2":{"type":"branch","line":28,"loc":{"start":{"line":28,"column":7},"end":{"line":28,"column":8}},"locations":[{"start":{"line":28,"column":7},"end":{"line":28,"column":8}}]}},"b":{"0":[229],"1":[87],"2":[142]},"fnMap":{"0":{"name":"handleScroll","decl":{"start":{"line":8,"column":24},"end":{"line":14,"column":9}},"loc":{"start":{"line":8,"column":24},"end":{"line":14,"column":9}},"line":8}},"f":{"0":0}}
,"/home/utter/plugg/webutveckling/ks3/tajm/src/components/List.jsx": {"path":"/home/utter/plugg/webutveckling/ks3/tajm/src/components/List.jsx","all":false,"statementMap":{"0":{"start":{"line":1,"column":0},"end":{"line":1,"column":33}},"1":{"start":{"line":2,"column":0},"end":{"line":2,"column":49}},"2":{"start":{"line":3,"column":0},"end":{"line":3,"column":37}},"3":{"start":{"line":4,"column":0},"end":{"line":4,"column":38}},"4":{"start":{"line":5,"column":0},"end":{"line":5,"column":0}},"5":{"start":{"line":6,"column":0},"end":{"line":6,"column":32}},"6":{"start":{"line":7,"column":0},"end":{"line":7,"column":0}},"7":{"start":{"line":8,"column":0},"end":{"line":8,"column":37}},"8":{"start":{"line":9,"column":0},"end":{"line":9,"column":10}},"9":{"start":{"line":10,"column":0},"end":{"line":10,"column":38}},"10":{"start":{"line":11,"column":0},"end":{"line":11,"column":38}},"11":{"start":{"line":12,"column":0},"end":{"line":12,"column":23}},"12":{"start":{"line":13,"column":0},"end":{"line":13,"column":27}},"13":{"start":{"line":14,"column":0},"end":{"line":14,"column":27}},"14":{"start":{"line":15,"column":0},"end":{"line":15,"column":7}},"15":{"start":{"line":16,"column":0},"end":{"line":16,"column":42}},"16":{"start":{"line":17,"column":0},"end":{"line":17,"column":126}},"17":{"start":{"line":18,"column":0},"end":{"line":18,"column":14}},"18":{"start":{"line":19,"column":0},"end":{"line":19,"column":24}},"19":{"start":{"line":20,"column":0},"end":{"line":20,"column":42}},"20":{"start":{"line":21,"column":0},"end":{"line":21,"column":472}},"21":{"start":{"line":22,"column":0},"end":{"line":22,"column":14}},"22":{"start":{"line":23,"column":0},"end":{"line":23,"column":25}},"23":{"start":{"line":24,"column":0},"end":{"line":24,"column":10}},"24":{"start":{"line":25,"column":0},"end":{"line":25,"column":3}},"25":{"start":{"line":26,"column":0},"end":{"line":26,"column":1}}},"s":{"0":1,"1":1,"2":1,"3":1,"4":1,"5":1,"6":1,"7":1,"8":1,"9":1,"10":1,"11":1,"12":1,"13":1,"14":1,"15":1,"16":1,"17":1,"18":1,"19":1,"20":1,"21":1,"22":1,"23":1,"24":1,"25":1},"branchMap":{},"b":{},"fnMap":{},"f":{}}
,"/home/utter/plugg/webutveckling/ks3/tajm/src/components/ListContent.jsx": {"path":"/home/utter/plugg/webutveckling/ks3/tajm/src/components/ListContent.jsx","all":false,"statementMap":{"0":{"start":{"line":1,"column":0},"end":{"line":1,"column":39}},"1":{"start":{"line":2,"column":0},"end":{"line":2,"column":45}},"2":{"start":{"line":3,"column":0},"end":{"line":3,"column":68}},"3":{"start":{"line":4,"column":0},"end":{"line":4,"column":0}},"4":{"start":{"line":5,"column":0},"end":{"line":5,"column":61}},"5":{"start":{"line":6,"column":0},"end":{"line":6,"column":26}},"6":{"start":{"line":7,"column":0},"end":{"line":7,"column":39}},"7":{"start":{"line":8,"column":0},"end":{"line":8,"column":56}},"8":{"start":{"line":9,"column":0},"end":{"line":9,"column":0}},"9":{"start":{"line":10,"column":0},"end":{"line":10,"column":19}},"10":{"start":{"line":11,"column":0},"end":{"line":11,"column":37}},"11":{"start":{"line":12,"column":0},"end":{"line":12,"column":48}},"12":{"start":{"line":13,"column":0},"end":{"line":13,"column":69}},"13":{"start":{"line":14,"column":0},"end":{"line":14,"column":6}},"14":{"start":{"line":15,"column":0},"end":{"line":15,"column":27}},"15":{"start":{"line":16,"column":0},"end":{"line":16,"column":8}},"16":{"start":{"line":17,"column":0},"end":{"line":17,"column":0}},"17":{"start":{"line":18,"column":0},"end":{"line":18,"column":10}},"18":{"start":{"line":19,"column":0},"end":{"line":19,"column":8}},"19":{"start":{"line":20,"column":0},"end":{"line":20,"column":40}},"20":{"start":{"line":21,"column":0},"end":{"line":21,"column":57}},"21":{"start":{"line":22,"column":0},"end":{"line":22,"column":9}},"22":{"start":{"line":23,"column":0},"end":{"line":23,"column":15}},"23":{"start":{"line":24,"column":0},"end":{"line":24,"column":5}},"24":{"start":{"line":25,"column":0},"end":{"line":25,"column":22}},"25":{"start":{"line":26,"column":0},"end":{"line":26,"column":29}},"26":{"start":{"line":27,"column":0},"end":{"line":27,"column":11}},"27":{"start":{"line":28,"column":0},"end":{"line":28,"column":29}},"28":{"start":{"line":29,"column":0},"end":{"line":29,"column":54}},"29":{"start":{"line":30,"column":0},"end":{"line":30,"column":15}},"30":{"start":{"line":31,"column":0},"end":{"line":31,"column":8}},"31":{"start":{"line":32,"column":0},"end":{"line":32,"column":10}},"32":{"start":{"line":33,"column":0},"end":{"line":33,"column":3}},"33":{"start":{"line":34,"column":0},"end":{"line":34,"column":1}}},"s":{"0":1,"1":1,"2":1,"3":1,"4":1,"5":1,"6":1,"7":1,"8":1,"9":1,"10":1,"11":37,"12":37,"13":0,"14":37,"15":37,"16":37,"17":37,"18":37,"19":1,"20":1,"21":60,"22":60,"23":1,"24":1,"25":1,"26":40,"27":1,"28":60,"29":60,"30":60,"31":1,"32":1,"33":1},"branchMap":{"0":{"type":"branch","line":21,"loc":{"start":{"line":21,"column":22},"end":{"line":21,"column":49}},"locations":[{"start":{"line":21,"column":22},"end":{"line":21,"column":49}}]},"1":{"type":"branch","line":21,"loc":{"start":{"line":21,"column":42},"end":{"line":23,"column":15}},"locations":[{"start":{"line":21,"column":42},"end":{"line":23,"column":15}}]},"2":{"type":"branch","line":26,"loc":{"start":{"line":26,"column":8},"end":{"line":28,"column":9}},"locations":[{"start":{"line":26,"column":8},"end":{"line":28,"column":9}}]},"3":{"type":"branch","line":28,"loc":{"start":{"line":28,"column":8},"end":{"line":31,"column":8}},"locations":[{"start":{"line":28,"column":8},"end":{"line":31,"column":8}}]},"4":{"type":"branch","line":11,"loc":{"start":{"line":11,"column":13},"end":{"line":19,"column":8}},"locations":[{"start":{"line":11,"column":13},"end":{"line":19,"column":8}}]}},"b":{"0":[40],"1":[60],"2":[40],"3":[60],"4":[37]},"fnMap":{},"f":{}}
,"/home/utter/plugg/webutveckling/ks3/tajm/src/components/ListTitle.jsx": {"path":"/home/utter/plugg/webutveckling/ks3/tajm/src/components/ListTitle.jsx","all":false,"statementMap":{"0":{"start":{"line":1,"column":0},"end":{"line":1,"column":39}},"1":{"start":{"line":2,"column":0},"end":{"line":2,"column":0}},"2":{"start":{"line":3,"column":0},"end":{"line":3,"column":48}},"3":{"start":{"line":4,"column":0},"end":{"line":4,"column":10}},"4":{"start":{"line":5,"column":0},"end":{"line":5,"column":6}},"5":{"start":{"line":6,"column":0},"end":{"line":6,"column":22}},"6":{"start":{"line":7,"column":0},"end":{"line":7,"column":24}},"7":{"start":{"line":8,"column":0},"end":{"line":8,"column":13}},"8":{"start":{"line":9,"column":0},"end":{"line":9,"column":7}},"9":{"start":{"line":10,"column":0},"end":{"line":10,"column":3}},"10":{"start":{"line":11,"column":0},"end":{"line":11,"column":1}}},"s":{"0":1,"1":1,"2":1,"3":1,"4":1,"5":1,"6":1,"7":1,"8":1,"9":1,"10":1},"branchMap":{},"b":{},"fnMap":{},"f":{}}
,"/home/utter/plugg/webutveckling/ks3/tajm/src/components/ScrollItem.jsx": {"path":"/home/utter/plugg/webutveckling/ks3/tajm/src/components/ScrollItem.jsx","all":false,"statementMap":{"0":{"start":{"line":1,"column":0},"end":{"line":1,"column":30}},"1":{"start":{"line":2,"column":0},"end":{"line":2,"column":53}},"2":{"start":{"line":3,"column":0},"end":{"line":3,"column":38}},"3":{"start":{"line":4,"column":0},"end":{"line":4,"column":0}},"4":{"start":{"line":5,"column":0},"end":{"line":5,"column":21}},"5":{"start":{"line":6,"column":0},"end":{"line":6,"column":0}},"6":{"start":{"line":7,"column":0},"end":{"line":7,"column":22}},"7":{"start":{"line":8,"column":0},"end":{"line":8,"column":14}},"8":{"start":{"line":9,"column":0},"end":{"line":9,"column":1}},"9":{"start":{"line":10,"column":0},"end":{"line":10,"column":0}},"10":{"start":{"line":11,"column":0},"end":{"line":11,"column":43}},"11":{"start":{"line":12,"column":0},"end":{"line":12,"column":51}},"12":{"start":{"line":13,"column":0},"end":{"line":13,"column":42}},"13":{"start":{"line":14,"column":0},"end":{"line":14,"column":14}},"14":{"start":{"line":15,"column":0},"end":{"line":15,"column":15}},"15":{"start":{"line":16,"column":0},"end":{"line":16,"column":38}},"16":{"start":{"line":17,"column":0},"end":{"line":17,"column":26}},"17":{"start":{"line":18,"column":0},"end":{"line":18,"column":32}},"18":{"start":{"line":19,"column":0},"end":{"line":19,"column":33}},"19":{"start":{"line":20,"column":0},"end":{"line":20,"column":0}},"20":{"start":{"line":21,"column":0},"end":{"line":21,"column":19}},"21":{"start":{"line":22,"column":0},"end":{"line":22,"column":79}},"22":{"start":{"line":23,"column":0},"end":{"line":23,"column":8}},"23":{"start":{"line":24,"column":0},"end":{"line":24,"column":0}},"24":{"start":{"line":25,"column":0},"end":{"line":25,"column":19}},"25":{"start":{"line":26,"column":0},"end":{"line":26,"column":14}},"26":{"start":{"line":27,"column":0},"end":{"line":27,"column":22}},"27":{"start":{"line":28,"column":0},"end":{"line":28,"column":0}},"28":{"start":{"line":29,"column":0},"end":{"line":29,"column":26}},"29":{"start":{"line":30,"column":0},"end":{"line":30,"column":28}},"30":{"start":{"line":31,"column":0},"end":{"line":31,"column":29}},"31":{"start":{"line":32,"column":0},"end":{"line":32,"column":40}},"32":{"start":{"line":33,"column":0},"end":{"line":33,"column":5}},"33":{"start":{"line":34,"column":0},"end":{"line":34,"column":3}},"34":{"start":{"line":35,"column":0},"end":{"line":35,"column":0}},"35":{"start":{"line":36,"column":0},"end":{"line":36,"column":19}},"36":{"start":{"line":37,"column":0},"end":{"line":37,"column":54}},"37":{"start":{"line":38,"column":0},"end":{"line":38,"column":32}},"38":{"start":{"line":39,"column":0},"end":{"line":39,"column":41}},"39":{"start":{"line":40,"column":0},"end":{"line":40,"column":46}},"40":{"start":{"line":41,"column":0},"end":{"line":41,"column":5}},"41":{"start":{"line":42,"column":0},"end":{"line":42,"column":8}},"42":{"start":{"line":43,"column":0},"end":{"line":43,"column":76}},"43":{"start":{"line":44,"column":0},"end":{"line":44,"column":7}},"44":{"start":{"line":45,"column":0},"end":{"line":45,"column":42}},"45":{"start":{"line":46,"column":0},"end":{"line":46,"column":30}},"46":{"start":{"line":47,"column":0},"end":{"line":47,"column":30}},"47":{"start":{"line":48,"column":0},"end":{"line":48,"column":12}},"48":{"start":{"line":49,"column":0},"end":{"line":49,"column":5}},"49":{"start":{"line":50,"column":0},"end":{"line":50,"column":42}},"50":{"start":{"line":51,"column":0},"end":{"line":51,"column":28}},"51":{"start":{"line":52,"column":0},"end":{"line":52,"column":38}},"52":{"start":{"line":53,"column":0},"end":{"line":53,"column":3}},"53":{"start":{"line":54,"column":0},"end":{"line":54,"column":0}},"54":{"start":{"line":55,"column":0},"end":{"line":55,"column":23}},"55":{"start":{"line":56,"column":0},"end":{"line":56,"column":15}},"56":{"start":{"line":57,"column":0},"end":{"line":57,"column":79}},"57":{"start":{"line":58,"column":0},"end":{"line":58,"column":30}},"58":{"start":{"line":59,"column":0},"end":{"line":59,"column":44}},"59":{"start":{"line":60,"column":0},"end":{"line":60,"column":3}},"60":{"start":{"line":61,"column":0},"end":{"line":61,"column":0}},"61":{"start":{"line":62,"column":0},"end":{"line":62,"column":28}},"62":{"start":{"line":63,"column":0},"end":{"line":63,"column":37}},"63":{"start":{"line":64,"column":0},"end":{"line":64,"column":3}},"64":{"start":{"line":65,"column":0},"end":{"line":65,"column":0}},"65":{"start":{"line":66,"column":0},"end":{"line":66,"column":10}},"66":{"start":{"line":67,"column":0},"end":{"line":67,"column":8}},"67":{"start":{"line":68,"column":0},"end":{"line":68,"column":14}},"68":{"start":{"line":69,"column":0},"end":{"line":69,"column":72}},"69":{"start":{"line":70,"column":0},"end":{"line":70,"column":50}},"70":{"start":{"line":71,"column":0},"end":{"line":71,"column":28}},"71":{"start":{"line":72,"column":0},"end":{"line":72,"column":8}},"72":{"start":{"line":73,"column":0},"end":{"line":73,"column":35}},"73":{"start":{"line":74,"column":0},"end":{"line":74,"column":29}},"74":{"start":{"line":75,"column":0},"end":{"line":75,"column":5}},"75":{"start":{"line":76,"column":0},"end":{"line":76,"column":22}},"76":{"start":{"line":77,"column":0},"end":{"line":77,"column":10}},"77":{"start":{"line":78,"column":0},"end":{"line":78,"column":3}},"78":{"start":{"line":79,"column":0},"end":{"line":79,"column":1}}},"s":{"0":1,"1":1,"2":1,"3":1,"4":1,"5":1,"6":1,"7":524,"8":524,"9":524,"10":1,"11":1,"12":1,"13":1,"14":1,"15":1,"16":1,"17":1,"18":1,"19":1,"20":1,"21":1,"22":37,"23":37,"24":1,"25":1,"26":37,"27":37,"28":1,"29":37,"30":37,"31":37,"32":37,"33":37,"34":37,"35":37,"36":1,"37":524,"38":524,"39":524,"40":101,"41":101,"42":524,"43":524,"44":524,"45":24,"46":24,"47":24,"48":24,"49":524,"50":500,"51":500,"52":500,"53":500,"54":1,"55":1,"56":37,"57":37,"58":37,"59":37,"60":37,"61":1,"62":0,"63":0,"64":0,"65":0,"66":0,"67":1,"68":1,"69":1,"70":1,"71":1,"72":1,"73":1,"74":1,"75":1,"76":1,"77":1,"78":1},"branchMap":{"0":{"type":"branch","line":7,"loc":{"start":{"line":7,"column":21},"end":{"line":11,"column":42}},"locations":[{"start":{"line":7,"column":21},"end":{"line":11,"column":42}}]},"1":{"type":"branch","line":22,"loc":{"start":{"line":22,"column":4},"end":{"line":25,"column":12}},"locations":[{"start":{"line":22,"column":4},"end":{"line":25,"column":12}}]},"2":{"type":"branch","line":22,"loc":{"start":{"line":22,"column":52},"end":{"line":22,"column":73}},"locations":[{"start":{"line":22,"column":52},"end":{"line":22,"column":73}}]},"3":{"type":"branch","line":26,"loc":{"start":{"line":26,"column":12},"end":{"line":29,"column":11}},"locations":[{"start":{"line":26,"column":12},"end":{"line":29,"column":11}}]},"4":{"type":"branch","line":29,"loc":{"start":{"line":29,"column":11},"end":{"line":37,"column":10}},"locations":[{"start":{"line":29,"column":11},"end":{"line":37,"column":10}}]},"5":{"type":"branch","line":37,"loc":{"start":{"line":37,"column":4},"end":{"line":55,"column":22}},"locations":[{"start":{"line":37,"column":4},"end":{"line":55,"column":22}}]},"6":{"type":"branch","line":40,"loc":{"start":{"line":40,"column":20},"end":{"line":43,"column":21}},"locations":[{"start":{"line":40,"column":20},"end":{"line":43,"column":21}}]},"7":{"type":"branch","line":45,"loc":{"start":{"line":45,"column":12},"end":{"line":50,"column":29}},"locations":[{"start":{"line":45,"column":12},"end":{"line":50,"column":29}}]},"8":{"type":"branch","line":50,"loc":{"start":{"line":50,"column":20},"end":{"line":55,"column":22}},"locations":[{"start":{"line":50,"column":20},"end":{"line":55,"column":22}}]},"9":{"type":"branch","line":56,"loc":{"start":{"line":56,"column":4},"end":{"line":62,"column":24}},"locations":[{"start":{"line":56,"column":4},"end":{"line":62,"column":24}}]}},"b":{"0":[524],"1":[37],"2":[0],"3":[37],"4":[37],"5":[524],"6":[101],"7":[24],"8":[500],"9":[37]},"fnMap":{"0":{"name":"stepSize","decl":{"start":{"line":7,"column":21},"end":{"line":11,"column":42}},"loc":{"start":{"line":7,"column":21},"end":{"line":11,"column":42}},"line":7},"1":{"name":"updateWidth","decl":{"start":{"line":29,"column":11},"end":{"line":37,"column":10}},"loc":{"start":{"line":29,"column":11},"end":{"line":37,"column":10}},"line":29},"2":{"name":"step","decl":{"start":{"line":37,"column":4},"end":{"line":55,"column":22}},"loc":{"start":{"line":37,"column":4},"end":{"line":55,"column":22}},"line":37},"3":{"name":"getWidth","decl":{"start":{"line":56,"column":4},"end":{"line":62,"column":24}},"loc":{"start":{"line":56,"column":4},"end":{"line":62,"column":24}},"line":56},"4":{"name":"handleScroll","decl":{"start":{"line":62,"column":24},"end":{"line":67,"column":8}},"loc":{"start":{"line":62,"column":24},"end":{"line":67,"column":8}},"line":62}},"f":{"0":524,"1":37,"2":524,"3":37,"4":0}}
,"/home/utter/plugg/webutveckling/ks3/tajm/src/components/TimeDisplay.jsx": {"path":"/home/utter/plugg/webutveckling/ks3/tajm/src/components/TimeDisplay.jsx","all":false,"statementMap":{"0":{"start":{"line":1,"column":0},"end":{"line":1,"column":54}},"1":{"start":{"line":2,"column":0},"end":{"line":2,"column":0}},"2":{"start":{"line":3,"column":0},"end":{"line":3,"column":48}},"3":{"start":{"line":4,"column":0},"end":{"line":4,"column":10}},"4":{"start":{"line":5,"column":0},"end":{"line":5,"column":7}},"5":{"start":{"line":6,"column":0},"end":{"line":6,"column":43}},"6":{"start":{"line":7,"column":0},"end":{"line":7,"column":8}},"7":{"start":{"line":8,"column":0},"end":{"line":8,"column":3}},"8":{"start":{"line":9,"column":0},"end":{"line":9,"column":1}}},"s":{"0":1,"1":1,"2":1,"3":1,"4":1,"5":1,"6":1,"7":1,"8":1},"branchMap":{},"b":{},"fnMap":{},"f":{}}
,"/home/utter/plugg/webutveckling/ks3/tajm/src/components/TimerComponent.jsx": {"path":"/home/utter/plugg/webutveckling/ks3/tajm/src/components/TimerComponent.jsx","all":false,"statementMap":{"0":{"start":{"line":1,"column":0},"end":{"line":1,"column":70}},"1":{"start":{"line":2,"column":0},"end":{"line":2,"column":66}},"2":{"start":{"line":3,"column":0},"end":{"line":3,"column":33}},"3":{"start":{"line":4,"column":0},"end":{"line":4,"column":32}},"4":{"start":{"line":5,"column":0},"end":{"line":5,"column":48}},"5":{"start":{"line":6,"column":0},"end":{"line":6,"column":0}},"6":{"start":{"line":7,"column":0},"end":{"line":7,"column":40}},"7":{"start":{"line":8,"column":0},"end":{"line":8,"column":21}},"8":{"start":{"line":9,"column":0},"end":{"line":9,"column":7}},"9":{"start":{"line":10,"column":0},"end":{"line":10,"column":11}},"10":{"start":{"line":11,"column":0},"end":{"line":11,"column":4}},"11":{"start":{"line":12,"column":0},"end":{"line":12,"column":30}},"12":{"start":{"line":13,"column":0},"end":{"line":13,"column":0}},"13":{"start":{"line":14,"column":0},"end":{"line":14,"column":24}},"14":{"start":{"line":15,"column":0},"end":{"line":15,"column":6}},"15":{"start":{"line":16,"column":0},"end":{"line":16,"column":75}},"16":{"start":{"line":17,"column":0},"end":{"line":17,"column":19}},"17":{"start":{"line":18,"column":0},"end":{"line":18,"column":21}},"18":{"start":{"line":19,"column":0},"end":{"line":19,"column":48}},"19":{"start":{"line":20,"column":0},"end":{"line":20,"column":31}},"20":{"start":{"line":21,"column":0},"end":{"line":21,"column":7}},"21":{"start":{"line":22,"column":0},"end":{"line":22,"column":70}},"22":{"start":{"line":23,"column":0},"end":{"line":23,"column":14}},"23":{"start":{"line":24,"column":0},"end":{"line":24,"column":17}},"24":{"start":{"line":25,"column":0},"end":{"line":25,"column":21}},"25":{"start":{"line":26,"column":0},"end":{"line":26,"column":7}},"26":{"start":{"line":27,"column":0},"end":{"line":27,"column":7}},"27":{"start":{"line":28,"column":0},"end":{"line":28,"column":67}},"28":{"start":{"line":29,"column":0},"end":{"line":29,"column":69}},"29":{"start":{"line":30,"column":0},"end":{"line":30,"column":14}},"30":{"start":{"line":31,"column":0},"end":{"line":31,"column":15}},"31":{"start":{"line":32,"column":0},"end":{"line":32,"column":19}},"32":{"start":{"line":33,"column":0},"end":{"line":33,"column":3}},"33":{"start":{"line":34,"column":0},"end":{"line":34,"column":1}}},"s":{"0":1,"1":1,"2":1,"3":1,"4":1,"5":1,"6":1,"7":1,"8":1,"9":1,"10":1,"11":1,"12":1,"13":1,"14":1,"15":11,"16":11,"17":11,"18":11,"19":11,"20":11,"21":11,"22":11,"23":11,"24":11,"25":11,"26":11,"27":1,"28":1,"29":1,"30":1,"31":1,"32":1,"33":1},"branchMap":{"0":{"type":"branch","line":15,"loc":{"start":{"line":15,"column":4},"end":{"line":28,"column":5}},"locations":[{"start":{"line":15,"column":4},"end":{"line":28,"column":5}}]}},"b":{"0":[11]},"fnMap":{},"f":{}}
,"/home/utter/plugg/webutveckling/ks3/tajm/src/components/TimerInfo.jsx": {"path":"/home/utter/plugg/webutveckling/ks3/tajm/src/components/TimerInfo.jsx","all":false,"statementMap":{"0":{"start":{"line":1,"column":0},"end":{"line":1,"column":39}},"1":{"start":{"line":2,"column":0},"end":{"line":2,"column":39}},"2":{"start":{"line":3,"column":0},"end":{"line":3,"column":0}},"3":{"start":{"line":4,"column":0},"end":{"line":4,"column":61}},"4":{"start":{"line":5,"column":0},"end":{"line":5,"column":10}},"5":{"start":{"line":6,"column":0},"end":{"line":6,"column":6}},"6":{"start":{"line":7,"column":0},"end":{"line":7,"column":43}},"7":{"start":{"line":8,"column":0},"end":{"line":8,"column":46}},"8":{"start":{"line":9,"column":0},"end":{"line":9,"column":13}},"9":{"start":{"line":10,"column":0},"end":{"line":10,"column":35}},"10":{"start":{"line":11,"column":0},"end":{"line":11,"column":10}},"11":{"start":{"line":12,"column":0},"end":{"line":12,"column":68}},"12":{"start":{"line":13,"column":0},"end":{"line":13,"column":11}},"13":{"start":{"line":14,"column":0},"end":{"line":14,"column":7}},"14":{"start":{"line":15,"column":0},"end":{"line":15,"column":3}},"15":{"start":{"line":16,"column":0},"end":{"line":16,"column":1}}},"s":{"0":1,"1":1,"2":1,"3":1,"4":1,"5":1,"6":1,"7":1,"8":1,"9":1,"10":1,"11":1,"12":1,"13":1,"14":1,"15":1},"branchMap":{},"b":{},"fnMap":{},"f":{}}
,"/home/utter/plugg/webutveckling/ks3/tajm/src/components/TitleBar.jsx": {"path":"/home/utter/plugg/webutveckling/ks3/tajm/src/components/TitleBar.jsx","all":false,"statementMap":{"0":{"start":{"line":1,"column":0},"end":{"line":1,"column":38}},"1":{"start":{"line":2,"column":0},"end":{"line":2,"column":0}},"2":{"start":{"line":3,"column":0},"end":{"line":3,"column":41}},"3":{"start":{"line":4,"column":0},"end":{"line":4,"column":10}},"4":{"start":{"line":5,"column":0},"end":{"line":5,"column":56}},"5":{"start":{"line":6,"column":0},"end":{"line":6,"column":27}},"6":{"start":{"line":7,"column":0},"end":{"line":7,"column":10}},"7":{"start":{"line":8,"column":0},"end":{"line":8,"column":3}},"8":{"start":{"line":9,"column":0},"end":{"line":9,"column":1}}},"s":{"0":1,"1":1,"2":1,"3":1,"4":1,"5":1,"6":1,"7":1,"8":1},"branchMap":{},"b":{},"fnMap":{},"f":{}}
,"/home/utter/plugg/webutveckling/ks3/tajm/src/contexts/projectsContext.jsx": {"path":"/home/utter/plugg/webutveckling/ks3/tajm/src/contexts/projectsContext.jsx","all":false,"statementMap":{"0":{"start":{"line":1,"column":0},"end":{"line":1,"column":59}},"1":{"start":{"line":2,"column":0},"end":{"line":2,"column":25}},"2":{"start":{"line":3,"column":0},"end":{"line":3,"column":0}},"3":{"start":{"line":4,"column":0},"end":{"line":4,"column":46}},"4":{"start":{"line":5,"column":0},"end":{"line":5,"column":0}},"5":{"start":{"line":6,"column":0},"end":{"line":6,"column":48}},"6":{"start":{"line":7,"column":0},"end":{"line":7,"column":46}},"7":{"start":{"line":8,"column":0},"end":{"line":8,"column":0}},"8":{"start":{"line":9,"column":0},"end":{"line":9,"column":26}},"9":{"start":{"line":10,"column":0},"end":{"line":10,"column":53}},"10":{"start":{"line":11,"column":0},"end":{"line":11,"column":2}},"11":{"start":{"line":12,"column":0},"end":{"line":12,"column":0}},"12":{"start":{"line":13,"column":0},"end":{"line":13,"column":25}},"13":{"start":{"line":14,"column":0},"end":{"line":14,"column":13}},"14":{"start":{"line":15,"column":0},"end":{"line":15,"column":16}},"15":{"start":{"line":16,"column":0},"end":{"line":16,"column":15}},"16":{"start":{"line":17,"column":0},"end":{"line":17,"column":3}},"17":{"start":{"line":18,"column":0},"end":{"line":18,"column":0}},"18":{"start":{"line":19,"column":0},"end":{"line":19,"column":10}},"19":{"start":{"line":20,"column":0},"end":{"line":20,"column":52}},"20":{"start":{"line":21,"column":0},"end":{"line":21,"column":16}},"21":{"start":{"line":22,"column":0},"end":{"line":22,"column":31}},"22":{"start":{"line":23,"column":0},"end":{"line":23,"column":3}},"23":{"start":{"line":24,"column":0},"end":{"line":24,"column":1}},"24":{"start":{"line":25,"column":0},"end":{"line":25,"column":0}},"25":{"start":{"line":26,"column":0},"end":{"line":26,"column":38}},"26":{"start":{"line":27,"column":0},"end":{"line":27,"column":45}},"27":{"start":{"line":28,"column":0},"end":{"line":28,"column":0}},"28":{"start":{"line":29,"column":0},"end":{"line":29,"column":17}},"29":{"start":{"line":30,"column":0},"end":{"line":30,"column":54}},"30":{"start":{"line":31,"column":0},"end":{"line":31,"column":3}},"31":{"start":{"line":32,"column":0},"end":{"line":32,"column":0}},"32":{"start":{"line":33,"column":0},"end":{"line":33,"column":16}},"33":{"start":{"line":34,"column":0},"end":{"line":34,"column":1}}},"s":{"0":1,"1":1,"2":1,"3":1,"4":0,"5":1,"6":28,"7":28,"8":28,"9":7,"10":7,"11":7,"12":28,"13":28,"14":28,"15":28,"16":28,"17":28,"18":28,"19":28,"20":28,"21":28,"22":28,"23":12,"24":12,"25":1,"26":127,"27":127,"28":127,"29":127,"30":0,"31":0,"32":0,"33":0},"branchMap":{"0":{"type":"branch","line":6,"loc":{"start":{"line":6,"column":16},"end":{"line":24,"column":1}},"locations":[{"start":{"line":6,"column":16},"end":{"line":24,"column":1}}]},"1":{"type":"branch","line":9,"loc":{"start":{"line":9,"column":21},"end":{"line":13,"column":24}},"locations":[{"start":{"line":9,"column":21},"end":{"line":13,"column":24}}]},"2":{"type":"branch","line":10,"loc":{"start":{"line":10,"column":43},"end":{"line":13,"column":24}},"locations":[{"start":{"line":10,"column":43},"end":{"line":13,"column":24}}]},"3":{"type":"branch","line":24,"loc":{"start":{"line":24,"column":0},"end":{"line":26,"column":37}},"locations":[{"start":{"line":24,"column":0},"end":{"line":26,"column":37}}]},"4":{"type":"branch","line":26,"loc":{"start":{"line":26,"column":16},"end":{"line":34,"column":1}},"locations":[{"start":{"line":26,"column":16},"end":{"line":34,"column":1}}]},"5":{"type":"branch","line":30,"loc":{"start":{"line":30,"column":20},"end":{"line":34,"column":1}},"locations":[{"start":{"line":30,"column":20},"end":{"line":34,"column":1}}]}},"b":{"0":[28],"1":[7],"2":[7],"3":[12],"4":[127],"5":[0]},"fnMap":{"0":{"name":"get","decl":{"start":{"line":4,"column":44},"end":{"line":6,"column":33}},"loc":{"start":{"line":4,"column":44},"end":{"line":6,"column":33}},"line":4},"1":{"name":"ProjectsProvider","decl":{"start":{"line":6,"column":16},"end":{"line":24,"column":1}},"loc":{"start":{"line":6,"column":16},"end":{"line":24,"column":1}},"line":6},"2":{"name":"getProject","decl":{"start":{"line":9,"column":21},"end":{"line":13,"column":24}},"loc":{"start":{"line":9,"column":21},"end":{"line":13,"column":24}},"line":9},"3":{"name":"get","decl":{"start":{"line":24,"column":0},"end":{"line":26,"column":37}},"loc":{"start":{"line":24,"column":0},"end":{"line":26,"column":37}},"line":24},"4":{"name":"useProjectsContext","decl":{"start":{"line":26,"column":16},"end":{"line":34,"column":1}},"loc":{"start":{"line":26,"column":16},"end":{"line":34,"column":1}},"line":26}},"f":{"0":0,"1":28,"2":7,"3":12,"4":127}}
,"/home/utter/plugg/webutveckling/ks3/tajm/src/contexts/tasksContext.jsx": {"path":"/home/utter/plugg/webutveckling/ks3/tajm/src/contexts/tasksContext.jsx","all":false,"statementMap":{"0":{"start":{"line":1,"column":0},"end":{"line":1,"column":59}},"1":{"start":{"line":2,"column":0},"end":{"line":2,"column":33}},"2":{"start":{"line":3,"column":0},"end":{"line":3,"column":0}},"3":{"start":{"line":4,"column":0},"end":{"line":4,"column":43}},"4":{"start":{"line":5,"column":0},"end":{"line":5,"column":0}},"5":{"start":{"line":6,"column":0},"end":{"line":6,"column":45}},"6":{"start":{"line":7,"column":0},"end":{"line":7,"column":40}},"7":{"start":{"line":8,"column":0},"end":{"line":8,"column":0}},"8":{"start":{"line":9,"column":0},"end":{"line":9,"column":25}},"9":{"start":{"line":10,"column":0},"end":{"line":10,"column":53}},"10":{"start":{"line":11,"column":0},"end":{"line":11,"column":3}},"11":{"start":{"line":12,"column":0},"end":{"line":12,"column":0}},"12":{"start":{"line":13,"column":0},"end":{"line":13,"column":24}},"13":{"start":{"line":14,"column":0},"end":{"line":14,"column":83}},"14":{"start":{"line":15,"column":0},"end":{"line":15,"column":3}},"15":{"start":{"line":16,"column":0},"end":{"line":16,"column":0}},"16":{"start":{"line":17,"column":0},"end":{"line":17,"column":25}},"17":{"start":{"line":18,"column":0},"end":{"line":18,"column":10}},"18":{"start":{"line":19,"column":0},"end":{"line":19,"column":13}},"19":{"start":{"line":20,"column":0},"end":{"line":20,"column":13}},"20":{"start":{"line":21,"column":0},"end":{"line":21,"column":11}},"21":{"start":{"line":22,"column":0},"end":{"line":22,"column":3}},"22":{"start":{"line":23,"column":0},"end":{"line":23,"column":0}},"23":{"start":{"line":24,"column":0},"end":{"line":24,"column":10}},"24":{"start":{"line":25,"column":0},"end":{"line":25,"column":49}},"25":{"start":{"line":26,"column":0},"end":{"line":26,"column":16}},"26":{"start":{"line":27,"column":0},"end":{"line":27,"column":28}},"27":{"start":{"line":28,"column":0},"end":{"line":28,"column":3}},"28":{"start":{"line":29,"column":0},"end":{"line":29,"column":1}},"29":{"start":{"line":30,"column":0},"end":{"line":30,"column":0}},"30":{"start":{"line":31,"column":0},"end":{"line":31,"column":35}},"31":{"start":{"line":32,"column":0},"end":{"line":32,"column":42}},"32":{"start":{"line":33,"column":0},"end":{"line":33,"column":0}},"33":{"start":{"line":34,"column":0},"end":{"line":34,"column":17}},"34":{"start":{"line":35,"column":0},"end":{"line":35,"column":51}},"35":{"start":{"line":36,"column":0},"end":{"line":36,"column":3}},"36":{"start":{"line":37,"column":0},"end":{"line":37,"column":16}},"37":{"start":{"line":38,"column":0},"end":{"line":38,"column":1}}},"s":{"0":1,"1":1,"2":1,"3":1,"4":0,"5":1,"6":28,"7":28,"8":28,"9":3,"10":9,"11":9,"12":28,"13":7,"14":3,"15":3,"16":28,"17":28,"18":28,"19":28,"20":28,"21":28,"22":28,"23":28,"24":28,"25":28,"26":28,"27":28,"28":12,"29":12,"30":1,"31":125,"32":125,"33":125,"34":125,"35":0,"36":0,"37":0},"branchMap":{"0":{"type":"branch","line":6,"loc":{"start":{"line":6,"column":16},"end":{"line":29,"column":1}},"locations":[{"start":{"line":6,"column":16},"end":{"line":29,"column":1}}]},"1":{"type":"branch","line":9,"loc":{"start":{"line":9,"column":24},"end":{"line":13,"column":23}},"locations":[{"start":{"line":9,"column":24},"end":{"line":13,"column":23}}]},"2":{"type":"branch","line":10,"loc":{"start":{"line":10,"column":37},"end":{"line":13,"column":19}},"locations":[{"start":{"line":10,"column":37},"end":{"line":13,"column":19}}]},"3":{"type":"branch","line":13,"loc":{"start":{"line":13,"column":23},"end":{"line":17,"column":24}},"locations":[{"start":{"line":13,"column":23},"end":{"line":17,"column":24}}]},"4":{"type":"branch","line":14,"loc":{"start":{"line":14,"column":51},"end":{"line":17,"column":24}},"locations":[{"start":{"line":14,"column":51},"end":{"line":17,"column":24}}]},"5":{"type":"branch","line":14,"loc":{"start":{"line":14,"column":39},"end":{"line":14,"column":51}},"locations":[{"start":{"line":14,"column":39},"end":{"line":14,"column":51}}]},"6":{"type":"branch","line":29,"loc":{"start":{"line":29,"column":0},"end":{"line":31,"column":34}},"locations":[{"start":{"line":29,"column":0},"end":{"line":31,"column":34}}]},"7":{"type":"branch","line":31,"loc":{"start":{"line":31,"column":16},"end":{"line":38,"column":1}},"locations":[{"start":{"line":31,"column":16},"end":{"line":38,"column":1}}]},"8":{"type":"branch","line":35,"loc":{"start":{"line":35,"column":20},"end":{"line":38,"column":1}},"locations":[{"start":{"line":35,"column":20},"end":{"line":38,"column":1}}]}},"b":{"0":[28],"1":[3],"2":[9],"3":[7],"4":[3],"5":[8],"6":[12],"7":[125],"8":[0]},"fnMap":{"0":{"name":"get","decl":{"start":{"line":4,"column":41},"end":{"line":6,"column":30}},"loc":{"start":{"line":4,"column":41},"end":{"line":6,"column":30}},"line":4},"1":{"name":"TasksProvider","decl":{"start":{"line":6,"column":16},"end":{"line":29,"column":1}},"loc":{"start":{"line":6,"column":16},"end":{"line":29,"column":1}},"line":6},"2":{"name":"getTasks","decl":{"start":{"line":9,"column":24},"end":{"line":13,"column":23}},"loc":{"start":{"line":9,"column":24},"end":{"line":13,"column":23}},"line":9},"3":{"name":"getTask","decl":{"start":{"line":13,"column":23},"end":{"line":17,"column":24}},"loc":{"start":{"line":13,"column":23},"end":{"line":17,"column":24}},"line":13},"4":{"name":"get","decl":{"start":{"line":29,"column":0},"end":{"line":31,"column":34}},"loc":{"start":{"line":29,"column":0},"end":{"line":31,"column":34}},"line":29},"5":{"name":"useTasksContext","decl":{"start":{"line":31,"column":16},"end":{"line":38,"column":1}},"loc":{"start":{"line":31,"column":16},"end":{"line":38,"column":1}},"line":31}},"f":{"0":0,"1":28,"2":3,"3":7,"4":12,"5":125}}
,"/home/utter/plugg/webutveckling/ks3/tajm/src/contexts/timersContext.jsx": {"path":"/home/utter/plugg/webutveckling/ks3/tajm/src/contexts/timersContext.jsx","all":false,"statementMap":{"0":{"start":{"line":1,"column":0},"end":{"line":1,"column":67}},"1":{"start":{"line":2,"column":0},"end":{"line":2,"column":25}},"2":{"start":{"line":3,"column":0},"end":{"line":3,"column":33}},"3":{"start":{"line":4,"column":0},"end":{"line":4,"column":50}},"4":{"start":{"line":5,"column":0},"end":{"line":5,"column":0}},"5":{"start":{"line":6,"column":0},"end":{"line":6,"column":44}},"6":{"start":{"line":7,"column":0},"end":{"line":7,"column":0}},"7":{"start":{"line":8,"column":0},"end":{"line":8,"column":46}},"8":{"start":{"line":9,"column":0},"end":{"line":9,"column":42}},"9":{"start":{"line":10,"column":0},"end":{"line":10,"column":54}},"10":{"start":{"line":11,"column":0},"end":{"line":11,"column":65}},"11":{"start":{"line":12,"column":0},"end":{"line":12,"column":27}},"12":{"start":{"line":13,"column":0},"end":{"line":13,"column":0}},"13":{"start":{"line":14,"column":0},"end":{"line":14,"column":19}},"14":{"start":{"line":15,"column":0},"end":{"line":15,"column":24}},"15":{"start":{"line":16,"column":0},"end":{"line":16,"column":22}},"16":{"start":{"line":17,"column":0},"end":{"line":17,"column":14}},"17":{"start":{"line":18,"column":0},"end":{"line":18,"column":47}},"18":{"start":{"line":19,"column":0},"end":{"line":19,"column":27}},"19":{"start":{"line":20,"column":0},"end":{"line":20,"column":44}},"20":{"start":{"line":21,"column":0},"end":{"line":21,"column":12}},"21":{"start":{"line":22,"column":0},"end":{"line":22,"column":7}},"22":{"start":{"line":23,"column":0},"end":{"line":23,"column":5}},"23":{"start":{"line":24,"column":0},"end":{"line":24,"column":14}},"24":{"start":{"line":25,"column":0},"end":{"line":25,"column":0}},"25":{"start":{"line":26,"column":0},"end":{"line":26,"column":19}},"26":{"start":{"line":27,"column":0},"end":{"line":27,"column":30}},"27":{"start":{"line":28,"column":0},"end":{"line":28,"column":30}},"28":{"start":{"line":29,"column":0},"end":{"line":29,"column":46}},"29":{"start":{"line":30,"column":0},"end":{"line":30,"column":32}},"30":{"start":{"line":31,"column":0},"end":{"line":31,"column":26}},"31":{"start":{"line":32,"column":0},"end":{"line":32,"column":41}},"32":{"start":{"line":33,"column":0},"end":{"line":33,"column":22}},"33":{"start":{"line":34,"column":0},"end":{"line":34,"column":25}},"34":{"start":{"line":35,"column":0},"end":{"line":35,"column":73}},"35":{"start":{"line":36,"column":0},"end":{"line":36,"column":15}},"36":{"start":{"line":37,"column":0},"end":{"line":37,"column":14}},"37":{"start":{"line":38,"column":0},"end":{"line":38,"column":11}},"38":{"start":{"line":39,"column":0},"end":{"line":39,"column":16}},"39":{"start":{"line":40,"column":0},"end":{"line":40,"column":7}},"40":{"start":{"line":41,"column":0},"end":{"line":41,"column":12}},"41":{"start":{"line":42,"column":0},"end":{"line":42,"column":37}},"42":{"start":{"line":43,"column":0},"end":{"line":43,"column":29}},"43":{"start":{"line":44,"column":0},"end":{"line":44,"column":5}},"44":{"start":{"line":45,"column":0},"end":{"line":45,"column":51}},"45":{"start":{"line":46,"column":0},"end":{"line":46,"column":20}},"46":{"start":{"line":47,"column":0},"end":{"line":47,"column":0}},"47":{"start":{"line":48,"column":0},"end":{"line":48,"column":25}},"48":{"start":{"line":49,"column":0},"end":{"line":49,"column":49}},"49":{"start":{"line":50,"column":0},"end":{"line":50,"column":3}},"50":{"start":{"line":51,"column":0},"end":{"line":51,"column":0}},"51":{"start":{"line":52,"column":0},"end":{"line":52,"column":31}},"52":{"start":{"line":53,"column":0},"end":{"line":53,"column":72}},"53":{"start":{"line":54,"column":0},"end":{"line":54,"column":56}},"54":{"start":{"line":55,"column":0},"end":{"line":55,"column":56}},"55":{"start":{"line":56,"column":0},"end":{"line":56,"column":56}},"56":{"start":{"line":57,"column":0},"end":{"line":57,"column":26}},"57":{"start":{"line":58,"column":0},"end":{"line":58,"column":6}},"58":{"start":{"line":59,"column":0},"end":{"line":59,"column":60}},"59":{"start":{"line":60,"column":0},"end":{"line":60,"column":3}},"60":{"start":{"line":61,"column":0},"end":{"line":61,"column":0}},"61":{"start":{"line":62,"column":0},"end":{"line":62,"column":26}},"62":{"start":{"line":63,"column":0},"end":{"line":63,"column":56}},"63":{"start":{"line":64,"column":0},"end":{"line":64,"column":3}},"64":{"start":{"line":65,"column":0},"end":{"line":65,"column":0}},"65":{"start":{"line":66,"column":0},"end":{"line":66,"column":36}},"66":{"start":{"line":67,"column":0},"end":{"line":67,"column":72}},"67":{"start":{"line":68,"column":0},"end":{"line":68,"column":16}},"68":{"start":{"line":69,"column":0},"end":{"line":69,"column":3}},"69":{"start":{"line":70,"column":0},"end":{"line":70,"column":0}},"70":{"start":{"line":71,"column":0},"end":{"line":71,"column":25}},"71":{"start":{"line":72,"column":0},"end":{"line":72,"column":11}},"72":{"start":{"line":73,"column":0},"end":{"line":73,"column":17}},"73":{"start":{"line":74,"column":0},"end":{"line":74,"column":13}},"74":{"start":{"line":75,"column":0},"end":{"line":75,"column":14}},"75":{"start":{"line":76,"column":0},"end":{"line":76,"column":14}},"76":{"start":{"line":77,"column":0},"end":{"line":77,"column":19}},"77":{"start":{"line":78,"column":0},"end":{"line":78,"column":24}},"78":{"start":{"line":79,"column":0},"end":{"line":79,"column":22}},"79":{"start":{"line":80,"column":0},"end":{"line":80,"column":3}},"80":{"start":{"line":81,"column":0},"end":{"line":81,"column":0}},"81":{"start":{"line":82,"column":0},"end":{"line":82,"column":10}},"82":{"start":{"line":83,"column":0},"end":{"line":83,"column":50}},"83":{"start":{"line":84,"column":0},"end":{"line":84,"column":16}},"84":{"start":{"line":85,"column":0},"end":{"line":85,"column":29}},"85":{"start":{"line":86,"column":0},"end":{"line":86,"column":3}},"86":{"start":{"line":87,"column":0},"end":{"line":87,"column":1}},"87":{"start":{"line":88,"column":0},"end":{"line":88,"column":0}},"88":{"start":{"line":89,"column":0},"end":{"line":89,"column":36}},"89":{"start":{"line":90,"column":0},"end":{"line":90,"column":43}},"90":{"start":{"line":91,"column":0},"end":{"line":91,"column":0}},"91":{"start":{"line":92,"column":0},"end":{"line":92,"column":17}},"92":{"start":{"line":93,"column":0},"end":{"line":93,"column":52}},"93":{"start":{"line":94,"column":0},"end":{"line":94,"column":3}},"94":{"start":{"line":95,"column":0},"end":{"line":95,"column":0}},"95":{"start":{"line":96,"column":0},"end":{"line":96,"column":16}},"96":{"start":{"line":97,"column":0},"end":{"line":97,"column":1}}},"s":{"0":1,"1":1,"2":1,"3":1,"4":1,"5":1,"6":0,"7":1,"8":43,"9":43,"10":43,"11":43,"12":43,"13":43,"14":43,"15":28,"16":16,"17":16,"18":46,"19":16,"20":0,"21":0,"22":0,"23":16,"24":16,"25":43,"26":43,"27":27,"28":0,"29":0,"30":0,"31":0,"32":0,"33":0,"34":0,"35":0,"36":0,"37":0,"38":0,"39":0,"40":0,"41":27,"42":27,"43":27,"44":27,"45":27,"46":27,"47":43,"48":0,"49":0,"50":0,"51":43,"52":24,"53":24,"54":24,"55":8,"56":8,"57":8,"58":24,"59":14,"60":14,"61":43,"62":4,"63":12,"64":12,"65":43,"66":1,"67":0,"68":1,"69":1,"70":43,"71":43,"72":43,"73":43,"74":43,"75":43,"76":43,"77":43,"78":43,"79":43,"80":43,"81":43,"82":43,"83":43,"84":43,"85":43,"86":12,"87":12,"88":1,"89":111,"90":111,"91":111,"92":111,"93":0,"94":0,"95":0,"96":0},"branchMap":{"0":{"type":"branch","line":8,"loc":{"start":{"line":8,"column":16},"end":{"line":87,"column":1}},"locations":[{"start":{"line":8,"column":16},"end":{"line":87,"column":1}}]},"1":{"type":"branch","line":15,"loc":{"start":{"line":15,"column":8},"end":{"line":26,"column":12}},"locations":[{"start":{"line":15,"column":8},"end":{"line":26,"column":12}}]},"2":{"type":"branch","line":16,"loc":{"start":{"line":16,"column":6},"end":{"line":26,"column":12}},"locations":[{"start":{"line":16,"column":6},"end":{"line":26,"column":12}}]},"3":{"type":"branch","line":18,"loc":{"start":{"line":18,"column":40},"end":{"line":20,"column":19}},"locations":[{"start":{"line":18,"column":40},"end":{"line":20,"column":19}}]},"4":{"type":"branch","line":27,"loc":{"start":{"line":27,"column":8},"end":{"line":48,"column":11}},"locations":[{"start":{"line":27,"column":8},"end":{"line":48,"column":11}}]},"5":{"type":"branch","line":28,"loc":{"start":{"line":28,"column":20},"end":{"line":42,"column":20}},"locations":[{"start":{"line":28,"column":20},"end":{"line":42,"column":20}}]},"6":{"type":"branch","line":52,"loc":{"start":{"line":52,"column":11},"end":{"line":62,"column":21}},"locations":[{"start":{"line":52,"column":11},"end":{"line":62,"column":21}}]},"7":{"type":"branch","line":59,"loc":{"start":{"line":59,"column":51},"end":{"line":62,"column":11}},"locations":[{"start":{"line":59,"column":51},"end":{"line":62,"column":11}}]},"8":{"type":"branch","line":62,"loc":{"start":{"line":62,"column":2},"end":{"line":62,"column":21}},"locations":[{"start":{"line":62,"column":2},"end":{"line":62,"column":21}}]},"9":{"type":"branch","line":53,"loc":{"start":{"line":53,"column":58},"end":{"line":54,"column":25}},"locations":[{"start":{"line":53,"column":58},"end":{"line":54,"column":25}}]},"10":{"type":"branch","line":55,"loc":{"start":{"line":55,"column":6},"end":{"line":59,"column":24}},"locations":[{"start":{"line":55,"column":6},"end":{"line":59,"column":24}}]},"11":{"type":"branch","line":56,"loc":{"start":{"line":56,"column":6},"end":{"line":56,"column":20}},"locations":[{"start":{"line":56,"column":6},"end":{"line":56,"column":20}}]},"12":{"type":"branch","line":57,"loc":{"start":{"line":57,"column":6},"end":{"line":57,"column":21}},"locations":[{"start":{"line":57,"column":6},"end":{"line":57,"column":21}}]},"13":{"type":"branch","line":62,"loc":{"start":{"line":62,"column":21},"end":{"line":66,"column":31}},"locations":[{"start":{"line":62,"column":21},"end":{"line":66,"column":31}}]},"14":{"type":"branch","line":63,"loc":{"start":{"line":63,"column":42},"end":{"line":66,"column":31}},"locations":[{"start":{"line":63,"column":42},"end":{"line":66,"column":31}}]},"15":{"type":"branch","line":66,"loc":{"start":{"line":66,"column":11},"end":{"line":71,"column":24}},"locations":[{"start":{"line":66,"column":11},"end":{"line":71,"column":24}}]},"16":{"type":"branch","line":87,"loc":{"start":{"line":87,"column":0},"end":{"line":89,"column":35}},"locations":[{"start":{"line":87,"column":0},"end":{"line":89,"column":35}}]},"17":{"type":"branch","line":89,"loc":{"start":{"line":89,"column":16},"end":{"line":97,"column":1}},"locations":[{"start":{"line":89,"column":16},"end":{"line":97,"column":1}}]},"18":{"type":"branch","line":93,"loc":{"start":{"line":93,"column":20},"end":{"line":97,"column":1}},"locations":[{"start":{"line":93,"column":20},"end":{"line":97,"column":1}}]}},"b":{"0":[43],"1":[28],"2":[16],"3":[46],"4":[27],"5":[0],"6":[24],"7":[14],"8":[10],"9":[66],"10":[8],"11":[0],"12":[0],"13":[4],"14":[12],"15":[1],"16":[12],"17":[111],"18":[0]},"fnMap":{"0":{"name":"get","decl":{"start":{"line":6,"column":42},"end":{"line":8,"column":31}},"loc":{"start":{"line":6,"column":42},"end":{"line":8,"column":31}},"line":6},"1":{"name":"TimersProvider","decl":{"start":{"line":8,"column":16},"end":{"line":87,"column":1}},"loc":{"start":{"line":8,"column":16},"end":{"line":87,"column":1}},"line":8},"2":{"name":"getTimer","decl":{"start":{"line":48,"column":24},"end":{"line":52,"column":26}},"loc":{"start":{"line":48,"column":24},"end":{"line":52,"column":26}},"line":48},"3":{"name":"getLatestTimer","decl":{"start":{"line":52,"column":11},"end":{"line":62,"column":21}},"loc":{"start":{"line":52,"column":11},"end":{"line":62,"column":21}},"line":52},"4":{"name":"getTimers","decl":{"start":{"line":62,"column":21},"end":{"line":66,"column":31}},"loc":{"start":{"line":62,"column":21},"end":{"line":66,"column":31}},"line":62},"5":{"name":"getActiveTimerIndex","decl":{"start":{"line":66,"column":11},"end":{"line":71,"column":24}},"loc":{"start":{"line":66,"column":11},"end":{"line":71,"column":24}},"line":66},"6":{"name":"get","decl":{"start":{"line":87,"column":0},"end":{"line":89,"column":35}},"loc":{"start":{"line":87,"column":0},"end":{"line":89,"column":35}},"line":87},"7":{"name":"useTimersContext","decl":{"start":{"line":89,"column":16},"end":{"line":97,"column":1}},"loc":{"start":{"line":89,"column":16},"end":{"line":97,"column":1}},"line":89}},"f":{"0":0,"1":43,"2":0,"3":24,"4":4,"5":1,"6":12,"7":111}}
,"/home/utter/plugg/webutveckling/ks3/tajm/src/routes/deleteProject.jsx": {"path":"/home/utter/plugg/webutveckling/ks3/tajm/src/routes/deleteProject.jsx","all":false,"statementMap":{"0":{"start":{"line":1,"column":0},"end":{"line":1,"column":43}},"1":{"start":{"line":2,"column":0},"end":{"line":2,"column":57}},"2":{"start":{"line":3,"column":0},"end":{"line":3,"column":0}},"3":{"start":{"line":4,"column":0},"end":{"line":4,"column":42}},"4":{"start":{"line":5,"column":0},"end":{"line":5,"column":39}},"5":{"start":{"line":6,"column":0},"end":{"line":6,"column":54}},"6":{"start":{"line":7,"column":0},"end":{"line":7,"column":1}}},"s":{"0":1,"1":1,"2":1,"3":1,"4":1,"5":1,"6":1},"branchMap":{"0":{"type":"branch","line":4,"loc":{"start":{"line":4,"column":29},"end":{"line":7,"column":1}},"locations":[{"start":{"line":4,"column":29},"end":{"line":7,"column":1}}]}},"b":{"0":[1]},"fnMap":{"0":{"name":"action","decl":{"start":{"line":4,"column":29},"end":{"line":7,"column":1}},"loc":{"start":{"line":4,"column":29},"end":{"line":7,"column":1}},"line":4}},"f":{"0":1}}
,"/home/utter/plugg/webutveckling/ks3/tajm/src/routes/deleteTask.jsx": {"path":"/home/utter/plugg/webutveckling/ks3/tajm/src/routes/deleteTask.jsx","all":false,"statementMap":{"0":{"start":{"line":1,"column":0},"end":{"line":1,"column":43}},"1":{"start":{"line":2,"column":0},"end":{"line":2,"column":51}},"2":{"start":{"line":3,"column":0},"end":{"line":3,"column":0}},"3":{"start":{"line":4,"column":0},"end":{"line":4,"column":42}},"4":{"start":{"line":5,"column":0},"end":{"line":5,"column":33}},"5":{"start":{"line":6,"column":0},"end":{"line":6,"column":51}},"6":{"start":{"line":7,"column":0},"end":{"line":7,"column":1}}},"s":{"0":1,"1":1,"2":1,"3":1,"4":1,"5":1,"6":1},"branchMap":{"0":{"type":"branch","line":4,"loc":{"start":{"line":4,"column":29},"end":{"line":7,"column":1}},"locations":[{"start":{"line":4,"column":29},"end":{"line":7,"column":1}}]}},"b":{"0":[1]},"fnMap":{"0":{"name":"action","decl":{"start":{"line":4,"column":29},"end":{"line":7,"column":1}},"loc":{"start":{"line":4,"column":29},"end":{"line":7,"column":1}},"line":4}},"f":{"0":1}}
,"/home/utter/plugg/webutveckling/ks3/tajm/src/routes/project.jsx": {"path":"/home/utter/plugg/webutveckling/ks3/tajm/src/routes/project.jsx","all":false,"statementMap":{"0":{"start":{"line":1,"column":0},"end":{"line":1,"column":43}},"1":{"start":{"line":2,"column":0},"end":{"line":2,"column":60}},"2":{"start":{"line":3,"column":0},"end":{"line":3,"column":58}},"3":{"start":{"line":4,"column":0},"end":{"line":4,"column":64}},"4":{"start":{"line":5,"column":0},"end":{"line":5,"column":51}},"5":{"start":{"line":6,"column":0},"end":{"line":6,"column":37}},"6":{"start":{"line":7,"column":0},"end":{"line":7,"column":49}},"7":{"start":{"line":8,"column":0},"end":{"line":8,"column":0}},"8":{"start":{"line":9,"column":0},"end":{"line":9,"column":42}},"9":{"start":{"line":10,"column":0},"end":{"line":10,"column":25}},"10":{"start":{"line":11,"column":0},"end":{"line":11,"column":1}},"11":{"start":{"line":12,"column":0},"end":{"line":12,"column":0}},"12":{"start":{"line":13,"column":0},"end":{"line":13,"column":35}},"13":{"start":{"line":14,"column":0},"end":{"line":14,"column":28}},"14":{"start":{"line":15,"column":0},"end":{"line":15,"column":47}},"15":{"start":{"line":16,"column":0},"end":{"line":16,"column":55}},"16":{"start":{"line":17,"column":0},"end":{"line":17,"column":42}},"17":{"start":{"line":18,"column":0},"end":{"line":18,"column":56}},"18":{"start":{"line":19,"column":0},"end":{"line":19,"column":45}},"19":{"start":{"line":20,"column":0},"end":{"line":20,"column":0}},"20":{"start":{"line":21,"column":0},"end":{"line":21,"column":19}},"21":{"start":{"line":22,"column":0},"end":{"line":22,"column":26}},"22":{"start":{"line":23,"column":0},"end":{"line":23,"column":36}},"23":{"start":{"line":24,"column":0},"end":{"line":24,"column":32}},"24":{"start":{"line":25,"column":0},"end":{"line":25,"column":45}},"25":{"start":{"line":26,"column":0},"end":{"line":26,"column":5}},"26":{"start":{"line":27,"column":0},"end":{"line":27,"column":23}},"27":{"start":{"line":28,"column":0},"end":{"line":28,"column":0}},"28":{"start":{"line":29,"column":0},"end":{"line":29,"column":10}},"29":{"start":{"line":30,"column":0},"end":{"line":30,"column":6}},"30":{"start":{"line":31,"column":0},"end":{"line":31,"column":35}},"31":{"start":{"line":32,"column":0},"end":{"line":32,"column":47}},"32":{"start":{"line":33,"column":0},"end":{"line":33,"column":61}},"33":{"start":{"line":34,"column":0},"end":{"line":34,"column":37}},"34":{"start":{"line":35,"column":0},"end":{"line":35,"column":43}},"35":{"start":{"line":36,"column":0},"end":{"line":36,"column":28}},"36":{"start":{"line":37,"column":0},"end":{"line":37,"column":31}},"37":{"start":{"line":38,"column":0},"end":{"line":38,"column":32}},"38":{"start":{"line":39,"column":0},"end":{"line":39,"column":39}},"39":{"start":{"line":40,"column":0},"end":{"line":40,"column":36}},"40":{"start":{"line":41,"column":0},"end":{"line":41,"column":46}},"41":{"start":{"line":42,"column":0},"end":{"line":42,"column":17}},"42":{"start":{"line":43,"column":0},"end":{"line":43,"column":51}},"43":{"start":{"line":44,"column":0},"end":{"line":44,"column":41}},"44":{"start":{"line":45,"column":0},"end":{"line":45,"column":25}},"45":{"start":{"line":46,"column":0},"end":{"line":46,"column":30}},"46":{"start":{"line":47,"column":0},"end":{"line":47,"column":16}},"47":{"start":{"line":48,"column":0},"end":{"line":48,"column":17}},"48":{"start":{"line":49,"column":0},"end":{"line":49,"column":26}},"49":{"start":{"line":50,"column":0},"end":{"line":50,"column":30}},"50":{"start":{"line":51,"column":0},"end":{"line":51,"column":37}},"51":{"start":{"line":52,"column":0},"end":{"line":52,"column":35}},"52":{"start":{"line":53,"column":0},"end":{"line":53,"column":25}},"53":{"start":{"line":54,"column":0},"end":{"line":54,"column":15}},"54":{"start":{"line":55,"column":0},"end":{"line":55,"column":34}},"55":{"start":{"line":56,"column":0},"end":{"line":56,"column":28}},"56":{"start":{"line":57,"column":0},"end":{"line":57,"column":14}},"57":{"start":{"line":58,"column":0},"end":{"line":58,"column":17}},"58":{"start":{"line":59,"column":0},"end":{"line":59,"column":49}},"59":{"start":{"line":60,"column":0},"end":{"line":60,"column":50}},"60":{"start":{"line":61,"column":0},"end":{"line":61,"column":72}},"61":{"start":{"line":62,"column":0},"end":{"line":62,"column":21}},"62":{"start":{"line":63,"column":0},"end":{"line":63,"column":23}},"63":{"start":{"line":64,"column":0},"end":{"line":64,"column":19}},"64":{"start":{"line":65,"column":0},"end":{"line":65,"column":49}},"65":{"start":{"line":66,"column":0},"end":{"line":66,"column":72}},"66":{"start":{"line":67,"column":0},"end":{"line":67,"column":23}},"67":{"start":{"line":68,"column":0},"end":{"line":68,"column":23}},"68":{"start":{"line":69,"column":0},"end":{"line":69,"column":19}},"69":{"start":{"line":70,"column":0},"end":{"line":70,"column":16}},"70":{"start":{"line":71,"column":0},"end":{"line":71,"column":14}},"71":{"start":{"line":72,"column":0},"end":{"line":72,"column":20}},"72":{"start":{"line":73,"column":0},"end":{"line":73,"column":37}},"73":{"start":{"line":74,"column":0},"end":{"line":74,"column":11}},"74":{"start":{"line":75,"column":0},"end":{"line":75,"column":22}},"75":{"start":{"line":76,"column":0},"end":{"line":76,"column":8}},"76":{"start":{"line":77,"column":0},"end":{"line":77,"column":7}},"77":{"start":{"line":78,"column":0},"end":{"line":78,"column":3}},"78":{"start":{"line":79,"column":0},"end":{"line":79,"column":1}}},"s":{"0":1,"1":1,"2":1,"3":1,"4":1,"5":1,"6":1,"7":1,"8":1,"9":3,"10":12,"11":12,"12":1,"13":1,"14":1,"15":1,"16":1,"17":1,"18":1,"19":1,"20":1,"21":1,"22":6,"23":3,"24":3,"25":0,"26":6,"27":6,"28":6,"29":1,"30":1,"31":1,"32":5,"33":5,"34":5,"35":5,"36":15,"37":15,"38":15,"39":15,"40":15,"41":15,"42":15,"43":15,"44":15,"45":15,"46":15,"47":15,"48":5,"49":0,"50":0,"51":0,"52":0,"53":0,"54":0,"55":0,"56":0,"57":5,"58":5,"59":5,"60":5,"61":5,"62":5,"63":5,"64":5,"65":5,"66":5,"67":5,"68":5,"69":5,"70":5,"71":5,"72":5,"73":0,"74":0,"75":6,"76":6,"77":6,"78":6},"branchMap":{"0":{"type":"branch","line":9,"loc":{"start":{"line":9,"column":29},"end":{"line":11,"column":1}},"locations":[{"start":{"line":9,"column":29},"end":{"line":11,"column":1}}]},"1":{"type":"branch","line":11,"loc":{"start":{"line":11,"column":0},"end":{"line":13,"column":34}},"locations":[{"start":{"line":11,"column":0},"end":{"line":13,"column":34}}]},"2":{"type":"branch","line":32,"loc":{"start":{"line":32,"column":8},"end":{"line":73,"column":37}},"locations":[{"start":{"line":32,"column":8},"end":{"line":73,"column":37}}]},"3":{"type":"branch","line":49,"loc":{"start":{"line":49,"column":14},"end":{"line":57,"column":14}},"locations":[{"start":{"line":49,"column":14},"end":{"line":57,"column":14}}]},"4":{"type":"branch","line":73,"loc":{"start":{"line":73,"column":8},"end":{"line":79,"column":1}},"locations":[{"start":{"line":73,"column":8},"end":{"line":79,"column":1}}]},"5":{"type":"branch","line":73,"loc":{"start":{"line":73,"column":8},"end":{"line":75,"column":22}},"locations":[{"start":{"line":73,"column":8},"end":{"line":75,"column":22}}]},"6":{"type":"branch","line":22,"loc":{"start":{"line":22,"column":8},"end":{"line":29,"column":10}},"locations":[{"start":{"line":22,"column":8},"end":{"line":29,"column":10}}]},"7":{"type":"branch","line":23,"loc":{"start":{"line":23,"column":6},"end":{"line":27,"column":21}},"locations":[{"start":{"line":23,"column":6},"end":{"line":27,"column":21}}]},"8":{"type":"branch","line":25,"loc":{"start":{"line":25,"column":44},"end":{"line":27,"column":16}},"locations":[{"start":{"line":25,"column":44},"end":{"line":27,"column":16}}]},"9":{"type":"branch","line":36,"loc":{"start":{"line":36,"column":16},"end":{"line":49,"column":15}},"locations":[{"start":{"line":36,"column":16},"end":{"line":49,"column":15}}]}},"b":{"0":[3],"1":[12],"2":[5],"3":[0],"4":[6],"5":[0],"6":[6],"7":[3],"8":[0],"9":[15]},"fnMap":{"0":{"name":"loader","decl":{"start":{"line":9,"column":29},"end":{"line":11,"column":1}},"loc":{"start":{"line":9,"column":29},"end":{"line":11,"column":1}},"line":9},"1":{"name":"get","decl":{"start":{"line":11,"column":0},"end":{"line":13,"column":34}},"loc":{"start":{"line":11,"column":0},"end":{"line":13,"column":34}},"line":11}},"f":{"0":3,"1":12}}
,"/home/utter/plugg/webutveckling/ks3/tajm/src/routes/projects.jsx": {"path":"/home/utter/plugg/webutveckling/ks3/tajm/src/routes/projects.jsx","all":false,"statementMap":{"0":{"start":{"line":1,"column":0},"end":{"line":1,"column":55}},"1":{"start":{"line":2,"column":0},"end":{"line":2,"column":8}},"2":{"start":{"line":3,"column":0},"end":{"line":3,"column":21}},"3":{"start":{"line":4,"column":0},"end":{"line":4,"column":17}},"4":{"start":{"line":5,"column":0},"end":{"line":5,"column":36}},"5":{"start":{"line":6,"column":0},"end":{"line":6,"column":45}},"6":{"start":{"line":7,"column":0},"end":{"line":7,"column":54}},"7":{"start":{"line":8,"column":0},"end":{"line":8,"column":37}},"8":{"start":{"line":9,"column":0},"end":{"line":9,"column":47}},"9":{"start":{"line":10,"column":0},"end":{"line":10,"column":51}},"10":{"start":{"line":11,"column":0},"end":{"line":11,"column":49}},"11":{"start":{"line":12,"column":0},"end":{"line":12,"column":0}},"12":{"start":{"line":13,"column":0},"end":{"line":13,"column":42}},"13":{"start":{"line":14,"column":0},"end":{"line":14,"column":7}},"14":{"start":{"line":15,"column":0},"end":{"line":15,"column":59}},"15":{"start":{"line":16,"column":0},"end":{"line":16,"column":30}},"16":{"start":{"line":17,"column":0},"end":{"line":17,"column":67}},"17":{"start":{"line":18,"column":0},"end":{"line":18,"column":19}},"18":{"start":{"line":19,"column":0},"end":{"line":19,"column":22}},"19":{"start":{"line":20,"column":0},"end":{"line":20,"column":3}},"20":{"start":{"line":21,"column":0},"end":{"line":21,"column":1}},"21":{"start":{"line":22,"column":0},"end":{"line":22,"column":0}},"22":{"start":{"line":23,"column":0},"end":{"line":23,"column":36}},"23":{"start":{"line":24,"column":0},"end":{"line":24,"column":43}},"24":{"start":{"line":25,"column":0},"end":{"line":25,"column":0}},"25":{"start":{"line":26,"column":0},"end":{"line":26,"column":10}},"26":{"start":{"line":27,"column":0},"end":{"line":27,"column":6}},"27":{"start":{"line":28,"column":0},"end":{"line":28,"column":26}},"28":{"start":{"line":29,"column":0},"end":{"line":29,"column":47}},"29":{"start":{"line":30,"column":0},"end":{"line":30,"column":65}},"30":{"start":{"line":31,"column":0},"end":{"line":31,"column":21}},"31":{"start":{"line":32,"column":0},"end":{"line":32,"column":53}},"32":{"start":{"line":33,"column":0},"end":{"line":33,"column":33}},"33":{"start":{"line":34,"column":0},"end":{"line":34,"column":28}},"34":{"start":{"line":35,"column":0},"end":{"line":35,"column":34}},"35":{"start":{"line":36,"column":0},"end":{"line":36,"column":32}},"36":{"start":{"line":37,"column":0},"end":{"line":37,"column":39}},"37":{"start":{"line":38,"column":0},"end":{"line":38,"column":38}},"38":{"start":{"line":39,"column":0},"end":{"line":39,"column":35}},"39":{"start":{"line":40,"column":0},"end":{"line":40,"column":17}},"40":{"start":{"line":41,"column":0},"end":{"line":41,"column":70}},"41":{"start":{"line":42,"column":0},"end":{"line":42,"column":30}},"42":{"start":{"line":43,"column":0},"end":{"line":43,"column":17}},"43":{"start":{"line":44,"column":0},"end":{"line":44,"column":17}},"44":{"start":{"line":45,"column":0},"end":{"line":45,"column":14}},"45":{"start":{"line":46,"column":0},"end":{"line":46,"column":11}},"46":{"start":{"line":47,"column":0},"end":{"line":47,"column":27}},"47":{"start":{"line":48,"column":0},"end":{"line":48,"column":8}},"48":{"start":{"line":49,"column":0},"end":{"line":49,"column":45}},"49":{"start":{"line":50,"column":0},"end":{"line":50,"column":28}},"50":{"start":{"line":51,"column":0},"end":{"line":51,"column":75}},"51":{"start":{"line":52,"column":0},"end":{"line":52,"column":15}},"52":{"start":{"line":53,"column":0},"end":{"line":53,"column":12}},"53":{"start":{"line":54,"column":0},"end":{"line":54,"column":7}},"54":{"start":{"line":55,"column":0},"end":{"line":55,"column":3}},"55":{"start":{"line":56,"column":0},"end":{"line":56,"column":1}}},"s":{"0":1,"1":1,"2":1,"3":1,"4":1,"5":1,"6":1,"7":1,"8":1,"9":1,"10":1,"11":1,"12":1,"13":0,"14":0,"15":0,"16":0,"17":0,"18":0,"19":0,"20":12,"21":12,"22":1,"23":1,"24":1,"25":1,"26":1,"27":1,"28":1,"29":1,"30":1,"31":1,"32":1,"33":1,"34":1,"35":1,"36":1,"37":1,"38":1,"39":1,"40":1,"41":1,"42":1,"43":1,"44":1,"45":1,"46":1,"47":1,"48":1,"49":1,"50":1,"51":1,"52":1,"53":1,"54":1,"55":1},"branchMap":{"0":{"type":"branch","line":21,"loc":{"start":{"line":21,"column":0},"end":{"line":23,"column":35}},"locations":[{"start":{"line":21,"column":0},"end":{"line":23,"column":35}}]},"1":{"type":"branch","line":29,"loc":{"start":{"line":29,"column":8},"end":{"line":47,"column":27}},"locations":[{"start":{"line":29,"column":8},"end":{"line":47,"column":27}}]},"2":{"type":"branch","line":47,"loc":{"start":{"line":47,"column":8},"end":{"line":49,"column":11}},"locations":[{"start":{"line":47,"column":8},"end":{"line":49,"column":11}}]},"3":{"type":"branch","line":32,"loc":{"start":{"line":32,"column":35},"end":{"line":34,"column":17}},"locations":[{"start":{"line":32,"column":35},"end":{"line":34,"column":17}}]},"4":{"type":"branch","line":34,"loc":{"start":{"line":34,"column":16},"end":{"line":43,"column":17}},"locations":[{"start":{"line":34,"column":16},"end":{"line":43,"column":17}}]}},"b":{"0":[12],"1":[1],"2":[1],"3":[1],"4":[1]},"fnMap":{"0":{"name":"action","decl":{"start":{"line":13,"column":29},"end":{"line":21,"column":1}},"loc":{"start":{"line":13,"column":29},"end":{"line":21,"column":1}},"line":13},"1":{"name":"get","decl":{"start":{"line":21,"column":0},"end":{"line":23,"column":35}},"loc":{"start":{"line":21,"column":0},"end":{"line":23,"column":35}},"line":21}},"f":{"0":0,"1":12}}
,"/home/utter/plugg/webutveckling/ks3/tajm/src/routes/task.jsx": {"path":"/home/utter/plugg/webutveckling/ks3/tajm/src/routes/task.jsx","all":false,"statementMap":{"0":{"start":{"line":1,"column":0},"end":{"line":1,"column":60}},"1":{"start":{"line":2,"column":0},"end":{"line":2,"column":43}},"2":{"start":{"line":3,"column":0},"end":{"line":3,"column":58}},"3":{"start":{"line":4,"column":0},"end":{"line":4,"column":64}},"4":{"start":{"line":5,"column":0},"end":{"line":5,"column":60}},"5":{"start":{"line":6,"column":0},"end":{"line":6,"column":51}},"6":{"start":{"line":7,"column":0},"end":{"line":7,"column":47}},"7":{"start":{"line":8,"column":0},"end":{"line":8,"column":37}},"8":{"start":{"line":9,"column":0},"end":{"line":9,"column":49}},"9":{"start":{"line":10,"column":0},"end":{"line":10,"column":54}},"10":{"start":{"line":11,"column":0},"end":{"line":11,"column":0}},"11":{"start":{"line":12,"column":0},"end":{"line":12,"column":42}},"12":{"start":{"line":13,"column":0},"end":{"line":13,"column":22}},"13":{"start":{"line":14,"column":0},"end":{"line":14,"column":1}},"14":{"start":{"line":15,"column":0},"end":{"line":15,"column":0}},"15":{"start":{"line":16,"column":0},"end":{"line":16,"column":32}},"16":{"start":{"line":17,"column":0},"end":{"line":17,"column":28}},"17":{"start":{"line":18,"column":0},"end":{"line":18,"column":36}},"18":{"start":{"line":19,"column":0},"end":{"line":19,"column":42}},"19":{"start":{"line":20,"column":0},"end":{"line":20,"column":52}},"20":{"start":{"line":21,"column":0},"end":{"line":21,"column":45}},"21":{"start":{"line":22,"column":0},"end":{"line":22,"column":46}},"22":{"start":{"line":23,"column":0},"end":{"line":23,"column":55}},"23":{"start":{"line":24,"column":0},"end":{"line":24,"column":50}},"24":{"start":{"line":25,"column":0},"end":{"line":25,"column":0}},"25":{"start":{"line":26,"column":0},"end":{"line":26,"column":19}},"26":{"start":{"line":27,"column":0},"end":{"line":27,"column":56}},"27":{"start":{"line":28,"column":0},"end":{"line":28,"column":40}},"28":{"start":{"line":29,"column":0},"end":{"line":29,"column":5}},"29":{"start":{"line":30,"column":0},"end":{"line":30,"column":39}},"30":{"start":{"line":31,"column":0},"end":{"line":31,"column":44}},"31":{"start":{"line":32,"column":0},"end":{"line":32,"column":5}},"32":{"start":{"line":33,"column":0},"end":{"line":33,"column":30}},"33":{"start":{"line":34,"column":0},"end":{"line":34,"column":0}},"34":{"start":{"line":35,"column":0},"end":{"line":35,"column":19}},"35":{"start":{"line":36,"column":0},"end":{"line":36,"column":27}},"36":{"start":{"line":37,"column":0},"end":{"line":37,"column":61}},"37":{"start":{"line":38,"column":0},"end":{"line":38,"column":13}},"38":{"start":{"line":39,"column":0},"end":{"line":39,"column":0}},"39":{"start":{"line":40,"column":0},"end":{"line":40,"column":10}},"40":{"start":{"line":41,"column":0},"end":{"line":41,"column":6}},"41":{"start":{"line":42,"column":0},"end":{"line":42,"column":41}},"42":{"start":{"line":43,"column":0},"end":{"line":43,"column":47}},"43":{"start":{"line":44,"column":0},"end":{"line":44,"column":71}},"44":{"start":{"line":45,"column":0},"end":{"line":45,"column":35}},"45":{"start":{"line":46,"column":0},"end":{"line":46,"column":42}},"46":{"start":{"line":47,"column":0},"end":{"line":47,"column":28}},"47":{"start":{"line":48,"column":0},"end":{"line":48,"column":32}},"48":{"start":{"line":49,"column":0},"end":{"line":49,"column":32}},"49":{"start":{"line":50,"column":0},"end":{"line":50,"column":39}},"50":{"start":{"line":51,"column":0},"end":{"line":51,"column":62}},"51":{"start":{"line":52,"column":0},"end":{"line":52,"column":50}},"52":{"start":{"line":53,"column":0},"end":{"line":53,"column":17}},"53":{"start":{"line":54,"column":0},"end":{"line":54,"column":75}},"54":{"start":{"line":55,"column":0},"end":{"line":55,"column":30}},"55":{"start":{"line":56,"column":0},"end":{"line":56,"column":16}},"56":{"start":{"line":57,"column":0},"end":{"line":57,"column":17}},"57":{"start":{"line":58,"column":0},"end":{"line":58,"column":26}},"58":{"start":{"line":59,"column":0},"end":{"line":59,"column":30}},"59":{"start":{"line":60,"column":0},"end":{"line":60,"column":37}},"60":{"start":{"line":61,"column":0},"end":{"line":61,"column":35}},"61":{"start":{"line":62,"column":0},"end":{"line":62,"column":25}},"62":{"start":{"line":63,"column":0},"end":{"line":63,"column":15}},"63":{"start":{"line":64,"column":0},"end":{"line":64,"column":34}},"64":{"start":{"line":65,"column":0},"end":{"line":65,"column":28}},"65":{"start":{"line":66,"column":0},"end":{"line":66,"column":14}},"66":{"start":{"line":67,"column":0},"end":{"line":67,"column":17}},"67":{"start":{"line":68,"column":0},"end":{"line":68,"column":49}},"68":{"start":{"line":69,"column":0},"end":{"line":69,"column":44}},"69":{"start":{"line":70,"column":0},"end":{"line":70,"column":72}},"70":{"start":{"line":71,"column":0},"end":{"line":71,"column":21}},"71":{"start":{"line":72,"column":0},"end":{"line":72,"column":23}},"72":{"start":{"line":73,"column":0},"end":{"line":73,"column":19}},"73":{"start":{"line":74,"column":0},"end":{"line":74,"column":49}},"74":{"start":{"line":75,"column":0},"end":{"line":75,"column":72}},"75":{"start":{"line":76,"column":0},"end":{"line":76,"column":23}},"76":{"start":{"line":77,"column":0},"end":{"line":77,"column":23}},"77":{"start":{"line":78,"column":0},"end":{"line":78,"column":19}},"78":{"start":{"line":79,"column":0},"end":{"line":79,"column":16}},"79":{"start":{"line":80,"column":0},"end":{"line":80,"column":14}},"80":{"start":{"line":81,"column":0},"end":{"line":81,"column":20}},"81":{"start":{"line":82,"column":0},"end":{"line":82,"column":32}},"82":{"start":{"line":83,"column":0},"end":{"line":83,"column":11}},"83":{"start":{"line":84,"column":0},"end":{"line":84,"column":22}},"84":{"start":{"line":85,"column":0},"end":{"line":85,"column":8}},"85":{"start":{"line":86,"column":0},"end":{"line":86,"column":7}},"86":{"start":{"line":87,"column":0},"end":{"line":87,"column":3}},"87":{"start":{"line":88,"column":0},"end":{"line":88,"column":1}}},"s":{"0":1,"1":1,"2":1,"3":1,"4":1,"5":1,"6":1,"7":1,"8":1,"9":1,"10":1,"11":1,"12":3,"13":12,"14":12,"15":12,"16":1,"17":1,"18":1,"19":1,"20":1,"21":1,"22":1,"23":1,"24":1,"25":1,"26":1,"27":9,"28":3,"29":9,"30":9,"31":3,"32":1,"33":1,"34":1,"35":1,"36":6,"37":6,"38":3,"39":3,"40":6,"41":1,"42":1,"43":5,"44":5,"45":5,"46":1,"47":2,"48":2,"49":2,"50":2,"51":2,"52":2,"53":2,"54":2,"55":2,"56":2,"57":5,"58":4,"59":4,"60":4,"61":4,"62":4,"63":4,"64":4,"65":4,"66":5,"67":5,"68":5,"69":5,"70":5,"71":5,"72":5,"73":5,"74":5,"75":5,"76":5,"77":5,"78":5,"79":5,"80":5,"81":5,"82":6,"83":6,"84":3,"85":3,"86":3,"87":3},"branchMap":{"0":{"type":"branch","line":12,"loc":{"start":{"line":12,"column":29},"end":{"line":14,"column":1}},"locations":[{"start":{"line":12,"column":29},"end":{"line":14,"column":1}}]},"1":{"type":"branch","line":14,"loc":{"start":{"line":14,"column":0},"end":{"line":17,"column":8}},"locations":[{"start":{"line":14,"column":0},"end":{"line":17,"column":8}}]},"2":{"type":"branch","line":42,"loc":{"start":{"line":42,"column":30},"end":{"line":43,"column":13}},"locations":[{"start":{"line":42,"column":30},"end":{"line":43,"column":13}}]},"3":{"type":"branch","line":43,"loc":{"start":{"line":43,"column":8},"end":{"line":43,"column":13}},"locations":[{"start":{"line":43,"column":8},"end":{"line":43,"column":13}}]},"4":{"type":"branch","line":43,"loc":{"start":{"line":43,"column":8},"end":{"line":82,"column":32}},"locations":[{"start":{"line":43,"column":8},"end":{"line":82,"column":32}}]},"5":{"type":"branch","line":46,"loc":{"start":{"line":46,"column":31},"end":{"line":58,"column":15}},"locations":[{"start":{"line":46,"column":31},"end":{"line":58,"column":15}}]},"6":{"type":"branch","line":58,"loc":{"start":{"line":58,"column":14},"end":{"line":66,"column":14}},"locations":[{"start":{"line":58,"column":14},"end":{"line":66,"column":14}}]},"7":{"type":"branch","line":82,"loc":{"start":{"line":82,"column":8},"end":{"line":88,"column":1}},"locations":[{"start":{"line":82,"column":8},"end":{"line":88,"column":1}}]},"8":{"type":"branch","line":82,"loc":{"start":{"line":82,"column":8},"end":{"line":84,"column":22}},"locations":[{"start":{"line":82,"column":8},"end":{"line":84,"column":22}}]},"9":{"type":"branch","line":84,"loc":{"start":{"line":84,"column":8},"end":{"line":88,"column":1}},"locations":[{"start":{"line":84,"column":8},"end":{"line":88,"column":1}}]},"10":{"type":"branch","line":27,"loc":{"start":{"line":27,"column":8},"end":{"line":33,"column":28}},"locations":[{"start":{"line":27,"column":8},"end":{"line":33,"column":28}}]},"11":{"type":"branch","line":27,"loc":{"start":{"line":27,"column":35},"end":{"line":27,"column":55}},"locations":[{"start":{"line":27,"column":35},"end":{"line":27,"column":55}}]},"12":{"type":"branch","line":27,"loc":{"start":{"line":27,"column":47},"end":{"line":28,"column":21}},"locations":[{"start":{"line":27,"column":47},"end":{"line":28,"column":21}}]},"13":{"type":"branch","line":28,"loc":{"start":{"line":28
[...]
},"end":{"line":38,"column":29}},"38":{"start":{"line":39,"column":0},"end":{"line":39,"column":36}},"39":{"start":{"line":40,"column":0},"end":{"line":40,"column":43}},"40":{"start":{"line":41,"column":0},"end":{"line":41,"column":38}},"41":{"start":{"line":42,"column":0},"end":{"line":42,"column":38}},"42":{"start":{"line":43,"column":0},"end":{"line":43,"column":20}},"43":{"start":{"line":44,"column":0},"end":{"line":44,"column":28}},"44":{"start":{"line":45,"column":0},"end":{"line":45,"column":65}},"45":{"start":{"line":46,"column":0},"end":{"line":46,"column":53}},"46":{"start":{"line":47,"column":0},"end":{"line":47,"column":44}},"47":{"start":{"line":48,"column":0},"end":{"line":48,"column":72}},"48":{"start":{"line":49,"column":0},"end":{"line":49,"column":49}},"49":{"start":{"line":50,"column":0},"end":{"line":50,"column":18}},"50":{"start":{"line":51,"column":0},"end":{"line":51,"column":16}},"51":{"start":{"line":52,"column":0},"end":{"line":52,"column":10}},"52":{"start":{"line":53,"column":0},"end":{"line":53,"column":23}},"53":{"start":{"line":54,"column":0},"end":{"line":54,"column":8}},"54":{"start":{"line":55,"column":0},"end":{"line":55,"column":5}},"55":{"start":{"line":56,"column":0},"end":{"line":56,"column":4}},"56":{"start":{"line":57,"column":0},"end":{"line":57,"column":12}},"57":{"start":{"line":58,"column":0},"end":{"line":58,"column":1}}},"s":{"0":1,"1":1,"2":1,"3":1,"4":1,"5":19,"6":19,"7":19,"8":19,"9":38,"10":38,"11":38,"12":88,"13":88,"14":61,"15":61,"16":88,"17":88,"18":88,"19":88,"20":22,"21":66,"22":12,"23":12,"24":24,"25":24,"26":88,"27":38,"28":19,"29":19,"30":19,"31":19,"32":19,"33":19,"34":19,"35":19,"36":19,"37":35,"38":35,"39":54,"40":54,"41":54,"42":44,"43":44,"44":54,"45":54,"46":8,"47":16,"48":16,"49":16,"50":16,"51":16,"52":54,"53":54,"54":54,"55":54,"56":54,"57":35},"branchMap":{"0":{"type":"branch","line":5,"loc":{"start":{"line":5,"column":43},"end":{"line":58,"column":1}},"locations":[{"start":{"line":5,"column":43},"end":{"line":58,"column":1}}]},"1":{"type":"branch","line":9,"loc":{"start":{"line":9,"column":27},"end":{"line":36,"column":7}},"locations":[{"start":{"line":9,"column":27},"end":{"line":36,"column":7}}]},"2":{"type":"branch","line":28,"loc":{"start":{"line":28,"column":15},"end":{"line":35,"column":14}},"locations":[{"start":{"line":28,"column":15},"end":{"line":35,"column":14}}]},"3":{"type":"branch","line":29,"loc":{"start":{"line":29,"column":6},"end":{"line":29,"column":22}},"locations":[{"start":{"line":29,"column":6},"end":{"line":29,"column":22}}]},"4":{"type":"branch","line":12,"loc":{"start":{"line":12,"column":10},"end":{"line":28,"column":10}},"locations":[{"start":{"line":12,"column":10},"end":{"line":28,"column":10}}]},"5":{"type":"branch","line":13,"loc":{"start":{"line":13,"column":11},"end":{"line":13,"column":22}},"locations":[{"start":{"line":13,"column":11},"end":{"line":13,"column":22}}]},"6":{"type":"branch","line":14,"loc":{"start":{"line":14,"column":19},"end":{"line":17,"column":21}},"locations":[{"start":{"line":14,"column":19},"end":{"line":17,"column":21}}]},"7":{"type":"branch","line":20,"loc":{"start":{"line":20,"column":12},"end":{"line":21,"column":16}},"locations":[{"start":{"line":20,"column":12},"end":{"line":21,"column":16}}]},"8":{"type":"branch","line":21,"loc":{"start":{"line":21,"column":12},"end":{"line":27,"column":14}},"locations":[{"start":{"line":21,"column":12},"end":{"line":27,"column":14}}]},"9":{"type":"branch","line":22,"loc":{"start":{"line":22,"column":19},"end":{"line":22,"column":31}},"locations":[{"start":{"line":22,"column":19},"end":{"line":22,"column":31}}]},"10":{"type":"branch","line":22,"loc":{"start":{"line":22,"column":31},"end":{"line":27,"column":14}},"locations":[{"start":{"line":22,"column":31},"end":{"line":27,"column":14}}]},"11":{"type":"branch","line":23,"loc":{"start":{"line":23,"column":43},"end":{"line":24,"column":36}},"locations":[{"start":{"line":23,"column":43},"end":{"line":24,"column":36}}]},"12":{"type":"branch","line":24,"loc":{"start":{"line":24,"column":41},"end":{"line":27,"column":14}},"locations":[{"start":{"line":24,"column":41},"end":{"line":27,"column":14}}]},"13":{"type":"branch","line":37,"loc":{"start":{"line":37,"column":4},"end":{"line":58,"column":1}},"locations":[{"start":{"line":37,"column":4},"end":{"line":58,"column":1}}]},"14":{"type":"branch","line":39,"loc":{"start":{"line":39,"column":8},"end":{"line":57,"column":12}},"locations":[{"start":{"line":39,"column":8},"end":{"line":57,"column":12}}]},"15":{"type":"branch","line":41,"loc":{"start":{"line":41,"column":10},"end":{"line":53,"column":23}},"locations":[{"start":{"line":41,"column":10},"end":{"line":53,"column":23}}]},"16":{"type":"branch","line":42,"loc":{"start":{"line":42,"column":10},"end":{"line":42,"column":24}},"locations":[{"start":{"line":42,"column":10},"end":{"line":42,"column":24}}]},"17":{"type":"branch","line":42,"loc":{"start":{"line":42,"column":21},"end":{"line":45,"column":26}},"locations":[{"start":{"line":42,"column":21},"end":{"line":45,"column":26}}]},"18":{"type":"branch","line":45,"loc":{"start":{"line":45,"column":17},"end":{"line":46,"column":39}},"locations":[{"start":{"line":45,"column":17},"end":{"line":46,"column":39}}]},"19":{"type":"branch","line":46,"loc":{"start":{"line":46,"column":30},"end":{"line":53,"column":15}},"locations":[{"start":{"line":46,"column":30},"end":{"line":53,"column":15}}]},"20":{"type":"branch","line":45,"loc":{"start":{"line":45,"column":45},"end":{"line":46,"column":39}},"locations":[{"start":{"line":45,"column":45},"end":{"line":46,"column":39}}]},"21":{"type":"branch","line":47,"loc":{"start":{"line":47,"column":16},"end":{"line":53,"column":15}},"locations":[{"start":{"line":47,"column":16},"end":{"line":53,"column":15}}]},"22":{"type":"branch","line":48,"loc":{"start":{"line":48,"column":18},"end":{"line":52,"column":9}},"locations":[{"start":{"line":48,"column":18},"end":{"line":52,"column":9}}]},"23":{"type":"branch","line":48,"loc":{"start":{"line":48,"column":50},"end":{"line":48,"column":59}},"locations":[{"start":{"line":48,"column":50},"end":{"line":48,"column":59}}]},"24":{"type":"branch","line":48,"loc":{"start":{"line":48,"column":70},"end":{"line":49,"column":27}},"locations":[{"start":{"line":48,"column":70},"end":{"line":49,"column":27}}]}},"b":{"0":[19],"1":[38],"2":[19],"3":[8],"4":[88],"5":[0],"6":[61],"7":[22],"8":[66],"9":[54],"10":[12],"11":[48],"12":[24],"13":[35],"14":[54],"15":[54],"16":[10],"17":[44],"18":[36],"19":[8],"20":[66],"21":[16],"22":[16],"23":[8],"24":[8]},"fnMap":{"0":{"name":"combineArraysByKey","decl":{"start":{"line":5,"column":43},"end":{"line":58,"column":1}},"loc":{"start":{"line":5,"column":43},"end":{"line":58,"column":1}},"line":5}},"f":{"0":19}}
,"/home/utter/plugg/webutveckling/ks3/tajm/src/utils/utils.js": {"path":"/home/utter/plugg/webutveckling/ks3/tajm/src/utils/utils.js","all":false,"statementMap":{"0":{"start":{"line":1,"column":0},"end":{"line":1,"column":57}},"1":{"start":{"line":2,"column":0},"end":{"line":2,"column":0}},"2":{"start":{"line":3,"column":0},"end":{"line":3,"column":35}},"3":{"start":{"line":4,"column":0},"end":{"line":4,"column":46}},"4":{"start":{"line":5,"column":0},"end":{"line":5,"column":42}},"5":{"start":{"line":6,"column":0},"end":{"line":6,"column":27}},"6":{"start":{"line":7,"column":0},"end":{"line":7,"column":80}},"7":{"start":{"line":8,"column":0},"end":{"line":8,"column":71}},"8":{"start":{"line":9,"column":0},"end":{"line":9,"column":7}},"9":{"start":{"line":10,"column":0},"end":{"line":10,"column":12}},"10":{"start":{"line":11,"column":0},"end":{"line":11,"column":1}},"11":{"start":{"line":12,"column":0},"end":{"line":12,"column":0}},"12":{"start":{"line":13,"column":0},"end":{"line":13,"column":40}},"13":{"start":{"line":14,"column":0},"end":{"line":14,"column":41}},"14":{"start":{"line":15,"column":0},"end":{"line":15,"column":47}},"15":{"start":{"line":16,"column":0},"end":{"line":16,"column":39}},"16":{"start":{"line":17,"column":0},"end":{"line":17,"column":35}},"17":{"start":{"line":18,"column":0},"end":{"line":18,"column":41}},"18":{"start":{"line":19,"column":0},"end":{"line":19,"column":29}},"19":{"start":{"line":20,"column":0},"end":{"line":20,"column":50}},"20":{"start":{"line":21,"column":0},"end":{"line":21,"column":57}},"21":{"start":{"line":22,"column":0},"end":{"line":22,"column":46}},"22":{"start":{"line":23,"column":0},"end":{"line":23,"column":63}},"23":{"start":{"line":24,"column":0},"end":{"line":24,"column":35}},"24":{"start":{"line":25,"column":0},"end":{"line":25,"column":70}},"25":{"start":{"line":26,"column":0},"end":{"line":26,"column":5}},"26":{"start":{"line":27,"column":0},"end":{"line":27,"column":16}},"27":{"start":{"line":28,"column":0},"end":{"line":28,"column":7}},"28":{"start":{"line":29,"column":0},"end":{"line":29,"column":12}},"29":{"start":{"line":30,"column":0},"end":{"line":30,"column":1}},"30":{"start":{"line":31,"column":0},"end":{"line":31,"column":0}},"31":{"start":{"line":32,"column":0},"end":{"line":32,"column":42}},"32":{"start":{"line":33,"column":0},"end":{"line":33,"column":42}},"33":{"start":{"line":34,"column":0},"end":{"line":34,"column":22}},"34":{"start":{"line":35,"column":0},"end":{"line":35,"column":39}},"35":{"start":{"line":36,"column":0},"end":{"line":36,"column":1}},"36":{"start":{"line":37,"column":0},"end":{"line":37,"column":0}},"37":{"start":{"line":38,"column":0},"end":{"line":38,"column":33}},"38":{"start":{"line":39,"column":0},"end":{"line":39,"column":27}},"39":{"start":{"line":40,"column":0},"end":{"line":40,"column":27}},"40":{"start":{"line":41,"column":0},"end":{"line":41,"column":22}},"41":{"start":{"line":42,"column":0},"end":{"line":42,"column":1}},"42":{"start":{"line":43,"column":0},"end":{"line":43,"column":0}},"43":{"start":{"line":44,"column":0},"end":{"line":44,"column":42}},"44":{"start":{"line":45,"column":0},"end":{"line":45,"column":53}},"45":{"start":{"line":46,"column":0},"end":{"line":46,"column":1}},"46":{"start":{"line":47,"column":0},"end":{"line":47,"column":0}},"47":{"start":{"line":48,"column":0},"end":{"line":48,"column":61}},"48":{"start":{"line":49,"column":0},"end":{"line":49,"column":61}},"49":{"start":{"line":50,"column":0},"end":{"line":50,"column":32}},"50":{"start":{"line":51,"column":0},"end":{"line":51,"column":12}},"51":{"start":{"line":52,"column":0},"end":{"line":52,"column":3}},"52":{"start":{"line":53,"column":0},"end":{"line":53,"column":51}},"53":{"start":{"line":54,"column":0},"end":{"line":54,"column":32}},"54":{"start":{"line":55,"column":0},"end":{"line":55,"column":12}},"55":{"start":{"line":56,"column":0},"end":{"line":56,"column":3}},"56":{"start":{"line":57,"column":0},"end":{"line":57,"column":57}},"57":{"start":{"line":58,"column":0},"end":{"line":58,"column":1}},"58":{"start":{"line":59,"column":0},"end":{"line":59,"column":0}},"59":{"start":{"line":60,"column":0},"end":{"line":60,"column":46}},"60":{"start":{"line":61,"column":0},"end":{"line":61,"column":37}},"61":{"start":{"line":62,"column":0},"end":{"line":62,"column":33}},"62":{"start":{"line":63,"column":0},"end":{"line":63,"column":33}},"63":{"start":{"line":64,"column":0},"end":{"line":64,"column":0}},"64":{"start":{"line":65,"column":0},"end":{"line":65,"column":24}},"65":{"start":{"line":66,"column":0},"end":{"line":66,"column":35}},"66":{"start":{"line":67,"column":0},"end":{"line":67,"column":41}},"67":{"start":{"line":68,"column":0},"end":{"line":68,"column":3}},"68":{"start":{"line":69,"column":0},"end":{"line":69,"column":0}},"69":{"start":{"line":70,"column":0},"end":{"line":70,"column":68}},"70":{"start":{"line":71,"column":0},"end":{"line":71,"column":0}},"71":{"start":{"line":72,"column":0},"end":{"line":72,"column":41}},"72":{"start":{"line":73,"column":0},"end":{"line":73,"column":1}},"73":{"start":{"line":74,"column":0},"end":{"line":74,"column":0}},"74":{"start":{"line":75,"column":0},"end":{"line":75,"column":37}},"75":{"start":{"line":76,"column":0},"end":{"line":76,"column":42}},"76":{"start":{"line":77,"column":0},"end":{"line":77,"column":40}},"77":{"start":{"line":78,"column":0},"end":{"line":78,"column":33}},"78":{"start":{"line":79,"column":0},"end":{"line":79,"column":33}},"79":{"start":{"line":80,"column":0},"end":{"line":80,"column":40}},"80":{"start":{"line":81,"column":0},"end":{"line":81,"column":17}},"81":{"start":{"line":82,"column":0},"end":{"line":82,"column":73}},"82":{"start":{"line":83,"column":0},"end":{"line":83,"column":15}},"83":{"start":{"line":84,"column":0},"end":{"line":84,"column":11}},"84":{"start":{"line":85,"column":0},"end":{"line":85,"column":74}},"85":{"start":{"line":86,"column":0},"end":{"line":86,"column":15}},"86":{"start":{"line":87,"column":0},"end":{"line":87,"column":11}},"87":{"start":{"line":88,"column":0},"end":{"line":88,"column":74}},"88":{"start":{"line":89,"column":0},"end":{"line":89,"column":15}},"89":{"start":{"line":90,"column":0},"end":{"line":90,"column":1}}},"s":{"0":1,"1":1,"2":1,"3":127,"4":127,"5":127,"6":147,"7":147,"8":0,"9":0,"10":0,"11":127,"12":1,"13":0,"14":0,"15":0,"16":0,"17":0,"18":0,"19":0,"20":0,"21":0,"22":0,"23":0,"24":0,"25":0,"26":0,"27":0,"28":0,"29":0,"30":0,"31":1,"32":0,"33":0,"34":0,"35":0,"36":0,"37":1,"38":0,"39":0,"40":0,"41":0,"42":0,"43":1,"44":0,"45":0,"46":0,"47":1,"48":0,"49":0,"50":0,"51":0,"52":0,"53":0,"54":0,"55":0,"56":0,"57":0,"58":0,"59":1,"60":0,"61":0,"62":0,"63":0,"64":0,"65":0,"66":0,"67":0,"68":0,"69":0,"70":0,"71":0,"72":0,"73":0,"74":1,"75":149,"76":149,"77":149,"78":149,"79":149,"80":149,"81":149,"82":145,"83":149,"84":149,"85":120,"86":149,"87":149,"88":12,"89":6},"branchMap":{"0":{"type":"branch","line":3,"loc":{"start":{"line":3,"column":29},"end":{"line":11,"column":1}},"locations":[{"start":{"line":3,"column":29},"end":{"line":11,"column":1}}]},"1":{"type":"branch","line":5,"loc":{"start":{"line":5,"column":2},"end":{"line":5,"column":10}},"locations":[{"start":{"line":5,"column":2},"end":{"line":5,"column":10}}]},"2":{"type":"branch","line":5,"loc":{"start":{"line":5,"column":11},"end":{"line":5,"column":21}},"locations":[{"start":{"line":5,"column":11},"end":{"line":5,"column":21}}]},"3":{"type":"branch","line":6,"loc":{"start":{"line":6,"column":2},"end":{"line":11,"column":1}},"locations":[{"start":{"line":6,"column":2},"end":{"line":11,"column":1}}]},"4":{"type":"branch","line":8,"loc":{"start":{"line":8,"column":28},"end":{"line":11,"column":1}},"locations":[{"start":{"line":8,"column":28},"end":{"line":11,"column":1}}]},"5":{"type":"branch","line":12,"loc":{"start":{"line":12,"column":-1},"end":{"line":13,"column":24}},"locations":[{"start":{"line":12,"column":-1},"end":{"line":13,"column":24}}]},"6":{"type":"branch","line":75,"loc":{"start":{"line":75,"column":29},"end":{"line":90,"column":1}},"locations":[{"start":{"line":75,"column":29},"end":{"line":90,"column":1}}]},"7":{"type":"branch","line":82,"loc":{"start":{"line":82,"column":50},"end":{"line":82,"column":57}},"locations":[{"start":{"line":82,"column":50},"end":{"line":82,"column":57}}]},"8":{"type":"branch","line":82,"loc":{"start":{"line":82,"column":58},"end":{"line":84,"column":5}},"locations":[{"start":{"line":82,"column":58},"end":{"line":84,"column":5}}]},"9":{"type":"branch","line":83,"loc":{"start":{"line":83,"column":1},"end":{"line":83,"column":14}},"locations":[{"start":{"line":83,"column":1},"end":{"line":83,"column":14}}]},"10":{"type":"branch","line":84,"loc":{"start":{"line":84,"column":-1},"end":{"line":84,"column":5}},"locations":[{"start":{"line":84,"column":-1},"end":{"line":84,"column":5}}]},"11":{"type":"branch","line":85,"loc":{"start":{"line":85,"column":41},"end":{"line":85,"column":53}},"locations":[{"start":{"line":85,"column":41},"end":{"line":85,"column":53}}]},"12":{"type":"branch","line":85,"loc":{"start":{"line":85,"column":54},"end":{"line":87,"column":5}},"locations":[{"start":{"line":85,"column":54},"end":{"line":87,"column":5}}]},"13":{"type":"branch","line":85,"loc":{"start":{"line":85,"column":71},"end":{"line":86,"column":14}},"locations":[{"start":{"line":85,"column":71},"end":{"line":86,"column":14}}]},"14":{"type":"branch","line":87,"loc":{"start":{"line":87,"column":-1},"end":{"line":87,"column":5}},"locations":[{"start":{"line":87,"column":-1},"end":{"line":87,"column":5}}]},"15":{"type":"branch","line":88,"loc":{"start":{"line":88,"column":41},"end":{"line":88,"column":53}},"locations":[{"start":{"line":88,"column":41},"end":{"line":88,"column":53}}]},"16":{"type":"branch","line":88,"loc":{"start":{"line":88,"column":54},"end":{"line":90,"column":1}},"locations":[{"start":{"line":88,"column":54},"end":{"line":90,"column":1}}]},"17":{"type":"branch","line":88,"loc":{"start":{"line":88,"column":71},"end":{"line":89,"column":14}},"locations":[{"start":{"line":88,"column":71},"end":{"line":89,"column":14}}]},"18":{"type":"branch","line":90,"loc":{"start":{"line":90,"column":-1},"end":{"line":90,"column":1}},"locations":[{"start":{"line":90,"column":-1},"end":{"line":90,"column":1}}]}},"b":{"0":[127],"1":[97],"2":[30],"3":[147],"4":[0],"5":[127],"6":[149],"7":[4],"8":[145],"9":[4],"10":[141],"11":[29],"12":[120],"13":[6],"14":[114],"15":[137],"16":[12],"17":[6],"18":[6]},"fnMap":{"0":{"name":"totalTime","decl":{"start":{"line":3,"column":29},"end":{"line":11,"column":1}},"loc":{"start":{"line":3,"column":29},"end":{"line":11,"column":1}},"line":3},"1":{"name":"get","decl":{"start":{"line":12,"column":-1},"end":{"line":13,"column":24}},"loc":{"start":{"line":12,"column":-1},"end":{"line":13,"column":24}},"line":12},"2":{"name":"totalTimeToday","decl":{"start":{"line":13,"column":29},"end":{"line":30,"column":1}},"loc":{"start":{"line":13,"column":29},"end":{"line":30,"column":1}},"line":13},"3":{"name":"get","decl":{"start":{"line":31,"column":-1},"end":{"line":32,"column":24}},"loc":{"start":{"line":31,"column":-1},"end":{"line":32,"column":24}},"line":31},"4":{"name":"datesBetween","decl":{"start":{"line":32,"column":29},"end":{"line":36,"column":1}},"loc":{"start":{"line":32,"column":29},"end":{"line":36,"column":1}},"line":32},"5":{"name":"get","decl":{"start":{"line":37,"column":-1},"end":{"line":38,"column":24}},"loc":{"start":{"line":37,"column":-1},"end":{"line":38,"column":24}},"line":37},"6":{"name":"sortDates","decl":{"start":{"line":38,"column":29},"end":{"line":42,"column":1}},"loc":{"start":{"line":38,"column":29},"end":{"line":42,"column":1}},"line":38},"7":{"name":"get","decl":{"start":{"line":43,"column":-1},"end":{"line":44,"column":24}},"loc":{"start":{"line":43,"column":-1},"end":{"line":44,"column":24}},"line":43},"8":{"name":"distanceDays","decl":{"start":{"line":44,"column":29},"end":{"line":46,"column":1}},"loc":{"start":{"line":44,"column":29},"end":{"line":46,"column":1}},"line":44},"9":{"name":"get","decl":{"start":{"line":47,"column":-1},"end":{"line":48,"column":24}},"loc":{"start":{"line":47,"column":-1},"end":{"line":48,"column":24}},"line":47},"10":{"name":"timeBetween","decl":{"start":{"line":48,"column":29},"end":{"line":58,"column":1}},"loc":{"start":{"line":48,"column":29},"end":{"line":58,"column":1}},"line":48},"11":{"name":"get","decl":{"start":{"line":59,"column":-1},"end":{"line":60,"column":24}},"loc":{"start":{"line":59,"column":-1},"end":{"line":60,"column":24}},"line":59},"12":{"name":"totalForDay","decl":{"start":{"line":60,"column":29},"end":{"line":73,"column":1}},"loc":{"start":{"line":60,"column":29},"end":{"line":73,"column":1}},"line":60},"13":{"name":"get","decl":{"start":{"line":74,"column":-1},"end":{"line":75,"column":24}},"loc":{"start":{"line":74,"column":-1},"end":{"line":75,"column":24}},"line":74},"14":{"name":"timeString","decl":{"start":{"line":75,"column":29},"end":{"line":90,"column":1}},"loc":{"start":{"line":75,"column":29},"end":{"line":90,"column":1}},"line":75}},"f":{"0":127,"1":127,"2":0,"3":0,"4":0,"5":0,"6":0,"7":0,"8":0,"9":0,"10":0,"11":0,"12":0,"13":0,"14":149}}
}
